#-----------------------------------------------------------
# Vivado v2016.2 (64-bit)
# SW Build 1577090 on Thu Jun  2 16:32:40 MDT 2016
# IP Build 1577682 on Fri Jun  3 12:00:54 MDT 2016
# Start of session at: Fri Dec 13 14:22:23 2019
# Process ID: 8388
# Current directory: H:/GitHub/SoC-Testing-Validation-Project
# Command line: vivado.exe -gui_launcher_event rodinguilauncherevent7828 H:\GitHub\SoC-Testing-Validation-Project\project_2.xpr
# Log file: H:/GitHub/SoC-Testing-Validation-Project/vivado.log
# Journal file: H:/GitHub/SoC-Testing-Validation-Project\vivado.jou
#-----------------------------------------------------------
start_gui
open_project H:/GitHub/SoC-Testing-Validation-Project/project_2.xpr
Scanning sources...
Finished scanning sources
ERROR: [Project 1-126] XML parser encountered a problem in H:/GitHub/SoC-Testing-Validation-Project/project_2.xpr at line 1 : Unexpected end of message
exit
INFO: [Common 17-206] Exiting Vivado at Fri Dec 13 14:23:29 2019...
= 00:00:10 ; elapsed = 00:00:52 . Memory (MB): peak = 748.340 ; gain = 123.918
update_compile_order -fileset sources_1
set_property is_enabled true [get_files  H:/GitHub/SoC-Testing-Validation-Project/project_2.srcs/sources_1/new/Select.vhd]
update_compile_order -fileset sources_1
set_property is_enabled false [get_files  H:/GitHub/SoC-Testing-Validation-Project/project_2.srcs/sources_1/new/Residue_Generator.vhd]
update_compile_order -fileset sources_1
