#-----------------------------------------------------------
# Vivado v2016.2 (64-bit)
# SW Build 1577090 on Thu Jun  2 16:32:40 MDT 2016
# IP Build 1577682 on Fri Jun  3 12:00:54 MDT 2016
# Start of session at: Mon Dec 09 10:24:19 2019
# Process ID: 7880
# Current directory: H:/VHDL/project_2/project_2
# Command line: vivado.exe -gui_launcher_event rodinguilauncherevent4212 H:\VHDL\project_2\project_2\project_2.xpr
# Log file: H:/VHDL/project_2/project_2/vivado.log
# Journal file: H:/VHDL/project_2/project_2\vivado.jou
#-----------------------------------------------------------
start_gui
open_project H:/VHDL/project_2/project_2/project_2.xpr
Scanning sources...
Finished scanning sources
INFO: [IP_Flow 19-234] Refreshing IP repositories
INFO: [IP_Flow 19-1704] No user IP repositories specified
INFO: [IP_Flow 19-2313] Loaded Vivado IP repository 'C:/Xilinx/Vivado/2016.2/data/ip'.
open_project: Time (s): cpu = 00:00:09 ; elapsed = 00:00:10 . Memory (MB): peak = 741.906 ; gain = 114.332
update_compile_order -fileset sources_1
set_property is_enabled false [get_files  H:/VHDL/project_2/project_2/project_2.srcs/sources_1/new/Residue_Generator.vhd]
update_compile_order -fileset sources_1
set_property is_enabled true [get_files  H:/VHDL/project_2/project_2/project_2.srcs/sources_1/new/ALU.vhd]
update_compile_order -fileset sources_1
set_property is_enabled false [get_files  H:/VHDL/project_2/project_2/project_2.srcs/sim_1/new/ANDG_tb.vhd]
update_compile_order -fileset sim_1
set_property is_enabled true [get_files  H:/VHDL/project_2/project_2/project_2.srcs/sim_1/new/ALU_tbv.vhd]
update_compile_order -fileset sim_1
update_compile_order -fileset sim_1
launch_simulation
INFO: [USF-XSim-27] Simulation object is 'sim_1'
INFO: [USF-XSim-37] Inspecting design source files for 'tb_ALU' in fileset 'sim_1'...
INFO: [USF-XSim-97] Finding global include files...
INFO: [USF-XSim-98] Fetching design files from 'sim_1'...
INFO: [USF-XSim-2] XSim::Compile design
INFO: [USF-XSim-61] Executing 'COMPILE and ANALYZE' step in 'H:/VHDL/project_2/project_2/project_2.sim/sim_1/behav'
"xvhdl -m64 --relax -prj tb_ALU_vhdl.prj"
INFO: [VRFC 10-163] Analyzing VHDL file "H:/VHDL/project_2/project_2/project_2.srcs/sources_1/new/ALU.vhd" into library xil_defaultlib
INFO: [VRFC 10-307] analyzing entity ALU
ERROR: [VRFC 10-91] static_bit is not declared [H:/VHDL/project_2/project_2/project_2.srcs/sources_1/new/ALU.vhd:24]
ERROR: [VRFC 10-1504] unit behavioral ignored due to previous errors [H:/VHDL/project_2/project_2/project_2.srcs/sources_1/new/ALU.vhd:18]
INFO: [VRFC 10-240] VHDL file H:/VHDL/project_2/project_2/project_2.srcs/sources_1/new/ALU.vhd ignored due to errors
INFO: [USF-XSim-69] 'compile' step finished in '1' seconds
INFO: [USF-XSim-99] Step results log file:'H:/VHDL/project_2/project_2/project_2.sim/sim_1/behav/xvhdl.log'
ERROR: [USF-XSim-62] 'compile' step failed with error(s). Please check the Tcl console output or 'H:/VHDL/project_2/project_2/project_2.sim/sim_1/behav/xvhdl.log' file for more information.
ERROR: [Vivado 12-4473] Detected error while running simulation. Please correct the issue and retry this operation.
ERROR: [Common 17-39] 'launch_simulation' failed due to earlier errors.
launch_simulation
INFO: [USF-XSim-27] Simulation object is 'sim_1'
INFO: [USF-XSim-37] Inspecting design source files for 'tb_ALU' in fileset 'sim_1'...
INFO: [USF-XSim-97] Finding global include files...
INFO: [USF-XSim-98] Fetching design files from 'sim_1'...
INFO: [USF-XSim-2] XSim::Compile design
INFO: [USF-XSim-61] Executing 'COMPILE and ANALYZE' step in 'H:/VHDL/project_2/project_2/project_2.sim/sim_1/behav'
"xvhdl -m64 --relax -prj tb_ALU_vhdl.prj"
INFO: [VRFC 10-163] Analyzing VHDL file "H:/VHDL/project_2/project_2/project_2.srcs/sources_1/new/ALU.vhd" into library xil_defaultlib
INFO: [VRFC 10-307] analyzing entity ALU
INFO: [VRFC 10-163] Analyzing VHDL file "H:/VHDL/project_2/project_2/project_2.srcs/sim_1/new/ALU_tbv.vhd" into library xil_defaultlib
INFO: [VRFC 10-307] analyzing entity tb_ALU
INFO: [USF-XSim-69] 'compile' step finished in '1' seconds
INFO: [USF-XSim-3] XSim::Elaborate design
INFO: [USF-XSim-61] Executing 'ELABORATE' step in 'H:/VHDL/project_2/project_2/project_2.sim/sim_1/behav'
Vivado Simulator 2016.2
Copyright 1986-1999, 2001-2016 Xilinx, Inc. All Rights Reserved.
Running: C:/Xilinx/Vivado/2016.2/bin/unwrapped/win64.o/xelab.exe -wto 9c471ea0f0074ab48ffdb59540443f59 --debug typical --relax --mt 2 -L xil_defaultlib -L secureip --snapshot tb_ALU_behav xil_defaultlib.tb_ALU -log elaborate.log 
Using 2 slave threads.
Starting static elaboration
Completed static elaboration
Starting simulation data flow analysis
Completed simulation data flow analysis
Time Resolution for simulation is 1ps
Compiling package std.standard
Compiling package ieee.std_logic_1164
Compiling package ieee.std_logic_arith
Compiling package ieee.std_logic_unsigned
Compiling package ieee.numeric_std
Compiling architecture behavioral of entity xil_defaultlib.ALU [alu_default]
Compiling architecture behavior of entity xil_defaultlib.tb_alu
Built simulation snapshot tb_ALU_behav
INFO: [USF-XSim-69] 'elaborate' step finished in '3' seconds
INFO: [USF-XSim-4] XSim::Simulate design
INFO: [USF-XSim-61] Executing 'SIMULATE' step in 'H:/VHDL/project_2/project_2/project_2.sim/sim_1/behav'
INFO: [USF-XSim-98] *** Running xsim
   with args "tb_ALU_behav -key {Behavioral:sim_1:Functional:tb_ALU} -tclbatch {tb_ALU.tcl} -log {simulate.log}"
INFO: [USF-XSim-8] Loading simulator feature
Vivado Simulator 2016.2
Time resolution is 1 ps
source tb_ALU.tcl
# set curr_wave [current_wave_config]
# if { [string length $curr_wave] == 0 } {
#   if { [llength [get_objects]] > 0} {
#     add_wave /
#     set_property needs_save false [current_wave_config]
#   } else {
#      send_msg_id Add_Wave-1 WARNING "No top level signals found. Simulator will start without a wave window. If you want to open a wave window go to 'File->New Waveform Configuration' or type 'create_wave_config' in the TCL console."
#   }
# }
# run 1000ns
INFO: [USF-XSim-96] XSim completed. Design snapshot 'tb_ALU_behav' loaded.
INFO: [USF-XSim-97] XSim simulation ran for 1000ns
launch_simulation: Time (s): cpu = 00:00:02 ; elapsed = 00:00:07 . Memory (MB): peak = 819.344 ; gain = 0.000
close_sim
INFO: [Simtcl 6-16] Simulation closed
set_property is_enabled false [get_files  H:/VHDL/project_2/project_2/project_2.srcs/sources_1/new/ALU.vhd]
update_compile_order -fileset sources_1
set_property is_enabled false [get_files  H:/VHDL/project_2/project_2/project_2.srcs/sim_1/new/ALU_tbv.vhd]
update_compile_order -fileset sim_1
set_property is_enabled true [get_files  H:/VHDL/project_2/project_2/project_2.srcs/sources_1/new/mod3.vhd]
update_compile_order -fileset sources_1
update_compile_order -fileset sources_1
update_compile_order -fileset sim_1
launch_simulation
INFO: [USF-XSim-27] Simulation object is 'sim_1'
INFO: [USF-XSim-37] Inspecting design source files for 'mcounter' in fileset 'sim_1'...
INFO: [USF-XSim-97] Finding global include files...
INFO: [USF-XSim-98] Fetching design files from 'sim_1'...
INFO: [USF-XSim-2] XSim::Compile design
INFO: [USF-XSim-61] Executing 'COMPILE and ANALYZE' step in 'H:/VHDL/project_2/project_2/project_2.sim/sim_1/behav'
"xvhdl -m64 --relax -prj mcounter_vhdl.prj"
INFO: [VRFC 10-163] Analyzing VHDL file "H:/VHDL/project_2/project_2/project_2.srcs/sources_1/new/mod3.vhd" into library xil_defaultlib
INFO: [VRFC 10-307] analyzing entity mcounter
INFO: [USF-XSim-69] 'compile' step finished in '1' seconds
INFO: [USF-XSim-3] XSim::Elaborate design
INFO: [USF-XSim-61] Executing 'ELABORATE' step in 'H:/VHDL/project_2/project_2/project_2.sim/sim_1/behav'
Vivado Simulator 2016.2
Copyright 1986-1999, 2001-2016 Xilinx, Inc. All Rights Reserved.
Running: C:/Xilinx/Vivado/2016.2/bin/unwrapped/win64.o/xelab.exe -wto 9c471ea0f0074ab48ffdb59540443f59 --debug typical --relax --mt 2 -L xil_defaultlib -L secureip --snapshot mcounter_behav xil_defaultlib.mcounter -log elaborate.log 
Using 2 slave threads.
Starting static elaboration
Completed static elaboration
Starting simulation data flow analysis
Completed simulation data flow analysis
Time Resolution for simulation is 1ps
Compiling package std.standard
Compiling package ieee.std_logic_1164
Compiling package ieee.std_logic_arith
Compiling package ieee.std_logic_unsigned
Compiling package ieee.numeric_std
Compiling architecture behavior_count of entity xil_defaultlib.mcounter
Built simulation snapshot mcounter_behav
INFO: [USF-XSim-69] 'elaborate' step finished in '2' seconds
INFO: [USF-XSim-4] XSim::Simulate design
INFO: [USF-XSim-61] Executing 'SIMULATE' step in 'H:/VHDL/project_2/project_2/project_2.sim/sim_1/behav'
INFO: [USF-XSim-98] *** Running xsim
   with args "mcounter_behav -key {Behavioral:sim_1:Functional:mcounter} -tclbatch {mcounter.tcl} -log {simulate.log}"
INFO: [USF-XSim-8] Loading simulator feature
Vivado Simulator 2016.2
Time resolution is 1 ps
source mcounter.tcl
# set curr_wave [current_wave_config]
# if { [string length $curr_wave] == 0 } {
#   if { [llength [get_objects]] > 0} {
#     add_wave /
#     set_property needs_save false [current_wave_config]
#   } else {
#      send_msg_id Add_Wave-1 WARNING "No top level signals found. Simulator will start without a wave window. If you want to open a wave window go to 'File->New Waveform Configuration' or type 'create_wave_config' in the TCL console."
#   }
# }
# run 1000ns
INFO: [USF-XSim-96] XSim completed. Design snapshot 'mcounter_behav' loaded.
INFO: [USF-XSim-97] XSim simulation ran for 1000ns
launch_simulation: Time (s): cpu = 00:00:01 ; elapsed = 00:00:06 . Memory (MB): peak = 819.344 ; gain = 0.000
close_sim
INFO: [Simtcl 6-16] Simulation closed
launch_simulation
INFO: [USF-XSim-27] Simulation object is 'sim_1'
INFO: [USF-XSim-37] Inspecting design source files for 'mcounter' in fileset 'sim_1'...
INFO: [USF-XSim-97] Finding global include files...
INFO: [USF-XSim-98] Fetching design files from 'sim_1'...
INFO: [USF-XSim-2] XSim::Compile design
INFO: [USF-XSim-61] Executing 'COMPILE and ANALYZE' step in 'H:/VHDL/project_2/project_2/project_2.sim/sim_1/behav'
"xvhdl -m64 --relax -prj mcounter_vhdl.prj"
INFO: [VRFC 10-163] Analyzing VHDL file "H:/VHDL/project_2/project_2/project_2.srcs/sources_1/new/mod3.vhd" into library xil_defaultlib
INFO: [VRFC 10-307] analyzing entity mcounter
INFO: [USF-XSim-69] 'compile' step finished in '1' seconds
INFO: [USF-XSim-3] XSim::Elaborate design
INFO: [USF-XSim-61] Executing 'ELABORATE' step in 'H:/VHDL/project_2/project_2/project_2.sim/sim_1/behav'
Vivado Simulator 2016.2
Copyright 1986-1999, 2001-2016 Xilinx, Inc. All Rights Reserved.
Running: C:/Xilinx/Vivado/2016.2/bin/unwrapped/win64.o/xelab.exe -wto 9c471ea0f0074ab48ffdb59540443f59 --debug typical --relax --mt 2 -L xil_defaultlib -L secureip --snapshot mcounter_behav xil_defaultlib.mcounter -log elaborate.log 
Using 2 slave threads.
Starting static elaboration
Completed static elaboration
Starting simulation data flow analysis
Completed simulation data flow analysis
Time Resolution for simulation is 1ps
Compiling package std.standard
Compiling package ieee.std_logic_1164
Compiling package ieee.std_logic_arith
Compiling package ieee.std_logic_unsigned
Compiling package ieee.numeric_std
Compiling architecture behavior_count of entity xil_defaultlib.mcounter
Built simulation snapshot mcounter_behav
INFO: [USF-XSim-69] 'elaborate' step finished in '2' seconds
INFO: [USF-XSim-4] XSim::Simulate design
INFO: [USF-XSim-61] Executing 'SIMULATE' step in 'H:/VHDL/project_2/project_2/project_2.sim/sim_1/behav'
INFO: [USF-XSim-98] *** Running xsim
   with args "mcounter_behav -key {Behavioral:sim_1:Functional:mcounter} -tclbatch {mcounter.tcl} -log {simulate.log}"
INFO: [USF-XSim-8] Loading simulator feature
Vivado Simulator 2016.2
Time resolution is 1 ps
source mcounter.tcl
# set curr_wave [current_wave_config]
# if { [string length $curr_wave] == 0 } {
#   if { [llength [get_objects]] > 0} {
#     add_wave /
#     set_property needs_save false [current_wave_config]
#   } else {
#      send_msg_id Add_Wave-1 WARNING "No top level signals found. Simulator will start without a wave window. If you want to open a wave window go to 'File->New Waveform Configuration' or type 'create_wave_config' in the TCL console."
#   }
# }
# run 1000ns
INFO: [USF-XSim-96] XSim completed. Design snapshot 'mcounter_behav' loaded.
INFO: [USF-XSim-97] XSim simulation ran for 1000ns
launch_simulation: Time (s): cpu = 00:00:01 ; elapsed = 00:00:06 . Memory (MB): peak = 819.344 ; gain = 0.000
close_sim
INFO: [Simtcl 6-16] Simulation closed
launch_simulation
INFO: [USF-XSim-27] Simulation object is 'sim_1'
INFO: [USF-XSim-37] Inspecting design source files for 'mcounter' in fileset 'sim_1'...
INFO: [USF-XSim-97] Finding global include files...
INFO: [USF-XSim-98] Fetching design files from 'sim_1'...
INFO: [USF-XSim-2] XSim::Compile design
INFO: [USF-XSim-61] Executing 'COMPILE and ANALYZE' step in 'H:/VHDL/project_2/project_2/project_2.sim/sim_1/behav'
"xvhdl -m64 --relax -prj mcounter_vhdl.prj"
INFO: [VRFC 10-163] Analyzing VHDL file "H:/VHDL/project_2/project_2/project_2.srcs/sources_1/new/mod3.vhd" into library xil_defaultlib
INFO: [VRFC 10-307] analyzing entity mcounter
INFO: [USF-XSim-69] 'compile' step finished in '1' seconds
INFO: [USF-XSim-3] XSim::Elaborate design
INFO: [USF-XSim-61] Executing 'ELABORATE' step in 'H:/VHDL/project_2/project_2/project_2.sim/sim_1/behav'
Vivado Simulator 2016.2
Copyright 1986-1999, 2001-2016 Xilinx, Inc. All Rights Reserved.
Running: C:/Xilinx/Vivado/2016.2/bin/unwrapped/win64.o/xelab.exe -wto 9c471ea0f0074ab48ffdb59540443f59 --debug typical --relax --mt 2 -L xil_defaultlib -L secureip --snapshot mcounter_behav xil_defaultlib.mcounter -log elaborate.log 
Using 2 slave threads.
Starting static elaboration
Completed static elaboration
Starting simulation data flow analysis
Completed simulation data flow analysis
Time Resolution for simulation is 1ps
Compiling package std.standard
Compiling package ieee.std_logic_1164
Compiling package ieee.std_logic_arith
Compiling package ieee.std_logic_unsigned
Compiling package ieee.numeric_std
Compiling architecture behavior_count of entity xil_defaultlib.mcounter
Built simulation snapshot mcounter_behav
INFO: [USF-XSim-69] 'elaborate' step finished in '2' seconds
INFO: [USF-XSim-4] XSim::Simulate design
INFO: [USF-XSim-61] Executing 'SIMULATE' step in 'H:/VHDL/project_2/project_2/project_2.sim/sim_1/behav'
INFO: [USF-XSim-98] *** Running xsim
   with args "mcounter_behav -key {Behavioral:sim_1:Functional:mcounter} -tclbatch {mcounter.tcl} -log {simulate.log}"
INFO: [USF-XSim-8] Loading simulator feature
Vivado Simulator 2016.2
Time resolution is 1 ps
source mcounter.tcl
# set curr_wave [current_wave_config]
# if { [string length $curr_wave] == 0 } {
#   if { [llength [get_objects]] > 0} {
#     add_wave /
#     set_property needs_save false [current_wave_config]
#   } else {
#      send_msg_id Add_Wave-1 WARNING "No top level signals found. Simulator will start without a wave window. If you want to open a wave window go to 'File->New Waveform Configuration' or type 'create_wave_config' in the TCL console."
#   }
# }
# run 1000ns
INFO: [USF-XSim-96] XSim completed. Design snapshot 'mcounter_behav' loaded.
INFO: [USF-XSim-97] XSim simulation ran for 1000ns
launch_simulation: Time (s): cpu = 00:00:02 ; elapsed = 00:00:06 . Memory (MB): peak = 819.344 ; gain = 0.000
close_sim
INFO: [Simtcl 6-16] Simulation closed
update_compile_order -fileset sources_1
update_compile_order -fileset sim_1
set_property SOURCE_SET sources_1 [get_filesets sim_1]
close [ open H:/VHDL/project_2/project_2/project_2.srcs/sim_1/new/mod3counter_tb.vhd w ]
add_files -fileset sim_1 H:/VHDL/project_2/project_2/project_2.srcs/sim_1/new/mod3counter_tb.vhd
update_compile_order -fileset sim_1
update_compile_order -fileset sim_1
update_compile_order -fileset sim_1
launch_simulation
INFO: [USF-XSim-27] Simulation object is 'sim_1'
INFO: [USF-XSim-37] Inspecting design source files for 'mod3_tb' in fileset 'sim_1'...
INFO: [USF-XSim-97] Finding global include files...
INFO: [USF-XSim-98] Fetching design files from 'sim_1'...
INFO: [USF-XSim-2] XSim::Compile design
INFO: [USF-XSim-61] Executing 'COMPILE and ANALYZE' step in 'H:/VHDL/project_2/project_2/project_2.sim/sim_1/behav'
"xvhdl -m64 --relax -prj mod3_tb_vhdl.prj"
INFO: [VRFC 10-163] Analyzing VHDL file "H:/VHDL/project_2/project_2/project_2.srcs/sources_1/new/mod3.vhd" into library xil_defaultlib
INFO: [VRFC 10-307] analyzing entity m3counter
INFO: [VRFC 10-163] Analyzing VHDL file "H:/VHDL/project_2/project_2/project_2.srcs/sim_1/new/mod3counter_tb.vhd" into library xil_defaultlib
INFO: [VRFC 10-307] analyzing entity mod3_tb
ERROR: [VRFC 10-719] formal port/generic <a> is not declared in <m3counter> [H:/VHDL/project_2/project_2/project_2.srcs/sim_1/new/mod3counter_tb.vhd:33]
ERROR: [VRFC 10-704] formal in1 has no actual or default value [H:/VHDL/project_2/project_2/project_2.srcs/sim_1/new/mod3counter_tb.vhd:32]
ERROR: [VRFC 10-1504] unit behavioral ignored due to previous errors [H:/VHDL/project_2/project_2/project_2.srcs/sim_1/new/mod3counter_tb.vhd:18]
INFO: [VRFC 10-240] VHDL file H:/VHDL/project_2/project_2/project_2.srcs/sim_1/new/mod3counter_tb.vhd ignored due to errors
INFO: [USF-XSim-69] 'compile' step finished in '1' seconds
INFO: [USF-XSim-99] Step results log file:'H:/VHDL/project_2/project_2/project_2.sim/sim_1/behav/xvhdl.log'
ERROR: [USF-XSim-62] 'compile' step failed with error(s). Please check the Tcl console output or 'H:/VHDL/project_2/project_2/project_2.sim/sim_1/behav/xvhdl.log' file for more information.
ERROR: [Vivado 12-4473] Detected error while running simulation. Please correct the issue and retry this operation.
ERROR: [Common 17-39] 'launch_simulation' failed due to earlier errors.
launch_simulation
INFO: [USF-XSim-27] Simulation object is 'sim_1'
INFO: [USF-XSim-37] Inspecting design source files for 'mod3_tb' in fileset 'sim_1'...
INFO: [USF-XSim-97] Finding global include files...
INFO: [USF-XSim-98] Fetching design files from 'sim_1'...
INFO: [USF-XSim-2] XSim::Compile design
INFO: [USF-XSim-61] Executing 'COMPILE and ANALYZE' step in 'H:/VHDL/project_2/project_2/project_2.sim/sim_1/behav'
"xvhdl -m64 --relax -prj mod3_tb_vhdl.prj"
INFO: [VRFC 10-163] Analyzing VHDL file "H:/VHDL/project_2/project_2/project_2.srcs/sources_1/new/mod3.vhd" into library xil_defaultlib
INFO: [VRFC 10-307] analyzing entity m3counter
INFO: [VRFC 10-163] Analyzing VHDL file "H:/VHDL/project_2/project_2/project_2.srcs/sim_1/new/mod3counter_tb.vhd" into library xil_defaultlib
INFO: [VRFC 10-307] analyzing entity mod3_tb
ERROR: [VRFC 10-719] formal port/generic <a> is not declared in <m3counter> [H:/VHDL/project_2/project_2/project_2.srcs/sim_1/new/mod3counter_tb.vhd:33]
ERROR: [VRFC 10-704] formal in1 has no actual or default value [H:/VHDL/project_2/project_2/project_2.srcs/sim_1/new/mod3counter_tb.vhd:32]
ERROR: [VRFC 10-1504] unit behavioral ignored due to previous errors [H:/VHDL/project_2/project_2/project_2.srcs/sim_1/new/mod3counter_tb.vhd:18]
INFO: [VRFC 10-240] VHDL file H:/VHDL/project_2/project_2/project_2.srcs/sim_1/new/mod3counter_tb.vhd ignored due to errors
INFO: [USF-XSim-69] 'compile' step finished in '1' seconds
INFO: [USF-XSim-99] Step results log file:'H:/VHDL/project_2/project_2/project_2.sim/sim_1/behav/xvhdl.log'
ERROR: [USF-XSim-62] 'compile' step failed with error(s). Please check the Tcl console output or 'H:/VHDL/project_2/project_2/project_2.sim/sim_1/behav/xvhdl.log' file for more information.
ERROR: [Vivado 12-4473] Detected error while running simulation. Please correct the issue and retry this operation.
ERROR: [Common 17-39] 'launch_simulation' failed due to earlier errors.
update_compile_order -fileset sim_1
launch_simulation
INFO: [USF-XSim-27] Simulation object is 'sim_1'
INFO: [USF-XSim-37] Inspecting design source files for 'm3counter' in fileset 'sim_1'...
INFO: [USF-XSim-97] Finding global include files...
INFO: [USF-XSim-98] Fetching design files from 'sim_1'...
INFO: [USF-XSim-2] XSim::Compile design
INFO: [USF-XSim-61] Executing 'COMPILE and ANALYZE' step in 'H:/VHDL/project_2/project_2/project_2.sim/sim_1/behav'
"xvhdl -m64 --relax -prj m3counter_vhdl.prj"
INFO: [VRFC 10-163] Analyzing VHDL file "H:/VHDL/project_2/project_2/project_2.srcs/sources_1/new/mod3.vhd" into library xil_defaultlib
INFO: [VRFC 10-307] analyzing entity m3counter
INFO: [USF-XSim-69] 'compile' step finished in '1' seconds
INFO: [USF-XSim-3] XSim::Elaborate design
INFO: [USF-XSim-61] Executing 'ELABORATE' step in 'H:/VHDL/project_2/project_2/project_2.sim/sim_1/behav'
Vivado Simulator 2016.2
Copyright 1986-1999, 2001-2016 Xilinx, Inc. All Rights Reserved.
Running: C:/Xilinx/Vivado/2016.2/bin/unwrapped/win64.o/xelab.exe -wto 9c471ea0f0074ab48ffdb59540443f59 --debug typical --relax --mt 2 -L xil_defaultlib -L secureip --snapshot m3counter_behav xil_defaultlib.m3counter -log elaborate.log 
Using 2 slave threads.
Starting static elaboration
Completed static elaboration
Starting simulation data flow analysis
Completed simulation data flow analysis
Time Resolution for simulation is 1ps
Compiling package std.standard
Compiling package ieee.std_logic_1164
Compiling package ieee.std_logic_arith
Compiling package ieee.std_logic_unsigned
Compiling package ieee.numeric_std
Compiling architecture behavior_count of entity xil_defaultlib.m3counter
Built simulation snapshot m3counter_behav
INFO: [USF-XSim-69] 'elaborate' step finished in '2' seconds
INFO: [USF-XSim-4] XSim::Simulate design
INFO: [USF-XSim-61] Executing 'SIMULATE' step in 'H:/VHDL/project_2/project_2/project_2.sim/sim_1/behav'
INFO: [USF-XSim-98] *** Running xsim
   with args "m3counter_behav -key {Behavioral:sim_1:Functional:m3counter} -tclbatch {m3counter.tcl} -log {simulate.log}"
INFO: [USF-XSim-8] Loading simulator feature
Vivado Simulator 2016.2
Time resolution is 1 ps
source m3counter.tcl
# set curr_wave [current_wave_config]
# if { [string length $curr_wave] == 0 } {
#   if { [llength [get_objects]] > 0} {
#     add_wave /
#     set_property needs_save false [current_wave_config]
#   } else {
#      send_msg_id Add_Wave-1 WARNING "No top level signals found. Simulator will start without a wave window. If you want to open a wave window go to 'File->New Waveform Configuration' or type 'create_wave_config' in the TCL console."
#   }
# }
# run 1000ns
INFO: [USF-XSim-96] XSim completed. Design snapshot 'm3counter_behav' loaded.
INFO: [USF-XSim-97] XSim simulation ran for 1000ns
launch_simulation: Time (s): cpu = 00:00:01 ; elapsed = 00:00:05 . Memory (MB): peak = 819.344 ; gain = 0.000
close_sim
INFO: [Simtcl 6-16] Simulation closed
launch_simulation
INFO: [USF-XSim-27] Simulation object is 'sim_1'
INFO: [USF-XSim-37] Inspecting design source files for 'm3counter' in fileset 'sim_1'...
INFO: [USF-XSim-97] Finding global include files...
INFO: [USF-XSim-98] Fetching design files from 'sim_1'...
INFO: [USF-XSim-2] XSim::Compile design
INFO: [USF-XSim-61] Executing 'COMPILE and ANALYZE' step in 'H:/VHDL/project_2/project_2/project_2.sim/sim_1/behav'
"xvhdl -m64 --relax -prj m3counter_vhdl.prj"
INFO: [VRFC 10-163] Analyzing VHDL file "H:/VHDL/project_2/project_2/project_2.srcs/sources_1/new/mod3.vhd" into library xil_defaultlib
INFO: [VRFC 10-307] analyzing entity m3counter
INFO: [USF-XSim-69] 'compile' step finished in '1' seconds
INFO: [USF-XSim-3] XSim::Elaborate design
INFO: [USF-XSim-61] Executing 'ELABORATE' step in 'H:/VHDL/project_2/project_2/project_2.sim/sim_1/behav'
Vivado Simulator 2016.2
Copyright 1986-1999, 2001-2016 Xilinx, Inc. All Rights Reserved.
Running: C:/Xilinx/Vivado/2016.2/bin/unwrapped/win64.o/xelab.exe -wto 9c471ea0f0074ab48ffdb59540443f59 --debug typical --relax --mt 2 -L xil_defaultlib -L secureip --snapshot m3counter_behav xil_defaultlib.m3counter -log elaborate.log 
Using 2 slave threads.
Starting static elaboration
Completed static elaboration
Starting simulation data flow analysis
Completed simulation data flow analysis
Time Resolution for simulation is 1ps
Compiling package std.standard
Compiling package ieee.std_logic_1164
Compiling package ieee.std_logic_arith
Compiling package ieee.std_logic_unsigned
Compiling package ieee.numeric_std
Compiling architecture behavior_count of entity xil_defaultlib.m3counter
Built simulation snapshot m3counter_behav
INFO: [USF-XSim-69] 'elaborate' step finished in '2' seconds
INFO: [USF-XSim-4] XSim::Simulate design
INFO: [USF-XSim-61] Executing 'SIMULATE' step in 'H:/VHDL/project_2/project_2/project_2.sim/sim_1/behav'
INFO: [USF-XSim-98] *** Running xsim
   with args "m3counter_behav -key {Behavioral:sim_1:Functional:m3counter} -tclbatch {m3counter.tcl} -log {simulate.log}"
INFO: [USF-XSim-8] Loading simulator feature
Vivado Simulator 2016.2
Time resolution is 1 ps
source m3counter.tcl
# set curr_wave [current_wave_config]
# if { [string length $curr_wave] == 0 } {
#   if { [llength [get_objects]] > 0} {
#     add_wave /
#     set_property needs_save false [current_wave_config]
#   } else {
#      send_msg_id Add_Wave-1 WARNING "No top level signals found. Simulator will start without a wave window. If you want to open a wave window go to 'File->New Waveform Configuration' or type 'create_wave_config' in the TCL console."
#   }
# }
# run 1000ns
INFO: [USF-XSim-96] XSim completed. Design snapshot 'm3counter_behav' loaded.
INFO: [USF-XSim-97] XSim simulation ran for 1000ns
launch_simulation: Time (s): cpu = 00:00:02 ; elapsed = 00:00:07 . Memory (MB): peak = 819.344 ; gain = 0.000
close_sim
INFO: [Simtcl 6-16] Simulation closed
launch_simulation
INFO: [USF-XSim-27] Simulation object is 'sim_1'
INFO: [USF-XSim-37] Inspecting design source files for 'm3counter' in fileset 'sim_1'...
INFO: [USF-XSim-97] Finding global include files...
INFO: [USF-XSim-98] Fetching design files from 'sim_1'...
INFO: [USF-XSim-2] XSim::Compile design
INFO: [USF-XSim-61] Executing 'COMPILE and ANALYZE' step in 'H:/VHDL/project_2/project_2/project_2.sim/sim_1/behav'
"xvhdl -m64 --relax -prj m3counter_vhdl.prj"
INFO: [VRFC 10-163] Analyzing VHDL file "H:/VHDL/project_2/project_2/project_2.srcs/sources_1/new/mod3.vhd" into library xil_defaultlib
INFO: [VRFC 10-307] analyzing entity m3counter
INFO: [USF-XSim-69] 'compile' step finished in '1' seconds
INFO: [USF-XSim-3] XSim::Elaborate design
INFO: [USF-XSim-61] Executing 'ELABORATE' step in 'H:/VHDL/project_2/project_2/project_2.sim/sim_1/behav'
Vivado Simulator 2016.2
Copyright 1986-1999, 2001-2016 Xilinx, Inc. All Rights Reserved.
Running: C:/Xilinx/Vivado/2016.2/bin/unwrapped/win64.o/xelab.exe -wto 9c471ea0f0074ab48ffdb59540443f59 --debug typical --relax --mt 2 -L xil_defaultlib -L secureip --snapshot m3counter_behav xil_defaultlib.m3counter -log elaborate.log 
Using 2 slave threads.
Starting static elaboration
Completed static elaboration
Starting simulation data flow analysis
Completed simulation data flow analysis
Time Resolution for simulation is 1ps
Compiling package std.standard
Compiling package ieee.std_logic_1164
Compiling package ieee.std_logic_arith
Compiling package ieee.std_logic_unsigned
Compiling package ieee.numeric_std
Compiling architecture behavior_count of entity xil_defaultlib.m3counter
Built simulation snapshot m3counter_behav
INFO: [USF-XSim-69] 'elaborate' step finished in '2' seconds
INFO: [USF-XSim-4] XSim::Simulate design
INFO: [USF-XSim-61] Executing 'SIMULATE' step in 'H:/VHDL/project_2/project_2/project_2.sim/sim_1/behav'
INFO: [USF-XSim-98] *** Running xsim
   with args "m3counter_behav -key {Behavioral:sim_1:Functional:m3counter} -tclbatch {m3counter.tcl} -log {simulate.log}"
INFO: [USF-XSim-8] Loading simulator feature
Vivado Simulator 2016.2
Time resolution is 1 ps
source m3counter.tcl
# set curr_wave [current_wave_config]
# if { [string length $curr_wave] == 0 } {
#   if { [llength [get_objects]] > 0} {
#     add_wave /
#     set_property needs_save false [current_wave_config]
#   } else {
#      send_msg_id Add_Wave-1 WARNING "No top level signals found. Simulator will start without a wave window. If you want to open a wave window go to 'File->New Waveform Configuration' or type 'create_wave_config' in the TCL console."
#   }
# }
# run 1000ns
INFO: [USF-XSim-96] XSim completed. Design snapshot 'm3counter_behav' loaded.
INFO: [USF-XSim-97] XSim simulation ran for 1000ns
launch_simulation: Time (s): cpu = 00:00:02 ; elapsed = 00:00:07 . Memory (MB): peak = 819.344 ; gain = 0.000
close_sim
INFO: [Simtcl 6-16] Simulation closed
launch_simulation
INFO: [USF-XSim-27] Simulation object is 'sim_1'
INFO: [USF-XSim-37] Inspecting design source files for 'm3counter' in fileset 'sim_1'...
INFO: [USF-XSim-97] Finding global include files...
INFO: [USF-XSim-98] Fetching design files from 'sim_1'...
INFO: [USF-XSim-2] XSim::Compile design
INFO: [USF-XSim-61] Executing 'COMPILE and ANALYZE' step in 'H:/VHDL/project_2/project_2/project_2.sim/sim_1/behav'
"xvhdl -m64 --relax -prj m3counter_vhdl.prj"
INFO: [VRFC 10-163] Analyzing VHDL file "H:/VHDL/project_2/project_2/project_2.srcs/sources_1/new/mod3.vhd" into library xil_defaultlib
INFO: [VRFC 10-307] analyzing entity m3counter
INFO: [USF-XSim-69] 'compile' step finished in '1' seconds
INFO: [USF-XSim-3] XSim::Elaborate design
INFO: [USF-XSim-61] Executing 'ELABORATE' step in 'H:/VHDL/project_2/project_2/project_2.sim/sim_1/behav'
Vivado Simulator 2016.2
Copyright 1986-1999, 2001-2016 Xilinx, Inc. All Rights Reserved.
Running: C:/Xilinx/Vivado/2016.2/bin/unwrapped/win64.o/xelab.exe -wto 9c471ea0f0074ab48ffdb59540443f59 --debug typical --relax --mt 2 -L xil_defaultlib -L secureip --snapshot m3counter_behav xil_defaultlib.m3counter -log elaborate.log 
Using 2 slave threads.
Starting static elaboration
Completed static elaboration
Starting simulation data flow analysis
Completed simulation data flow analysis
Time Resolution for simulation is 1ps
Compiling package std.standard
Compiling package ieee.std_logic_1164
Compiling package ieee.std_logic_arith
Compiling package ieee.std_logic_unsigned
Compiling package ieee.numeric_std
Compiling architecture behavior_count of entity xil_defaultlib.m3counter
Built simulation snapshot m3counter_behav
INFO: [USF-XSim-69] 'elaborate' step finished in '2' seconds
INFO: [USF-XSim-4] XSim::Simulate design
INFO: [USF-XSim-61] Executing 'SIMULATE' step in 'H:/VHDL/project_2/project_2/project_2.sim/sim_1/behav'
INFO: [USF-XSim-98] *** Running xsim
   with args "m3counter_behav -key {Behavioral:sim_1:Functional:m3counter} -tclbatch {m3counter.tcl} -log {simulate.log}"
INFO: [USF-XSim-8] Loading simulator feature
Vivado Simulator 2016.2
Time resolution is 1 ps
source m3counter.tcl
# set curr_wave [current_wave_config]
# if { [string length $curr_wave] == 0 } {
#   if { [llength [get_objects]] > 0} {
#     add_wave /
#     set_property needs_save false [current_wave_config]
#   } else {
#      send_msg_id Add_Wave-1 WARNING "No top level signals found. Simulator will start without a wave window. If you want to open a wave window go to 'File->New Waveform Configuration' or type 'create_wave_config' in the TCL console."
#   }
# }
# run 1000ns
INFO: [USF-XSim-96] XSim completed. Design snapshot 'm3counter_behav' loaded.
INFO: [USF-XSim-97] XSim simulation ran for 1000ns
launch_simulation: Time (s): cpu = 00:00:02 ; elapsed = 00:00:07 . Memory (MB): peak = 842.133 ; gain = 14.539
close_sim
INFO: [Simtcl 6-16] Simulation closed
set_property is_enabled false [get_files  H:/VHDL/project_2/project_2/project_2.srcs/sources_1/new/mod3.vhd]
update_compile_order -fileset sources_1
update_compile_order -fileset sim_1
set_property is_enabled true [get_files  H:/VHDL/project_2/project_2/project_2.srcs/sources_1/new/mod3.vhd]
update_compile_order -fileset sources_1
update_compile_order -fileset sim_1
exit
