#-----------------------------------------------------------
# Vivado v2016.2 (64-bit)
# SW Build 1577090 on Thu Jun  2 16:32:40 MDT 2016
# IP Build 1577682 on Fri Jun  3 12:00:54 MDT 2016
# Start of session at: Fri Dec 13 14:42:37 2019
# Process ID: 11096
# Current directory: H:/GitHub/SoC-Testing-Validation-Project
# Command line: vivado.exe -gui_launcher_event rodinguilauncherevent1036 H:\GitHub\SoC-Testing-Validation-Project\project_2.xpr
# Log file: H:/GitHub/SoC-Testing-Validation-Project/vivado.log
# Journal file: H:/GitHub/SoC-Testing-Validation-Project\vivado.jou
#-----------------------------------------------------------
start_gui
open_project H:/GitHub/SoC-Testing-Validation-Project/project_2.xpr
Scanning sources...
Finished scanning sources
INFO: [IP_Flow 19-234] Refreshing IP repositories
INFO: [IP_Flow 19-1704] No user IP repositories specified
INFO: [IP_Flow 19-2313] Loaded Vivado IP repository 'C:/Xilinx/Vivado/2016.2/data/ip'.
open_project: Time (s): cpu = 00:00:11 ; elapsed = 00:00:16 . Memory (MB): peak = 767.000 ; gain = 147.707
update_compile_order -fileset sources_1
update_compile_order -fileset sources_1
set_property SOURCE_SET sources_1 [get_filesets sim_1]
close [ open H:/GitHub/SoC-Testing-Validation-Project/project_2.srcs/sim_1/new/select_tb.vhd w ]
add_files -fileset sim_1 H:/GitHub/SoC-Testing-Validation-Project/project_2.srcs/sim_1/new/select_tb.vhd
update_compile_order -fileset sim_1
set_property is_enabled false [get_files  H:/GitHub/SoC-Testing-Validation-Project/project_2.srcs/sim_1/new/residue_tb.vhd]
update_compile_order -fileset sim_1
update_compile_order -fileset sim_1
launch_simulation
INFO: [USF-XSim-27] Simulation object is 'sim_1'
INFO: [USF-XSim-37] Inspecting design source files for 'Select_Circuit' in fileset 'sim_1'...
INFO: [USF-XSim-97] Finding global include files...
INFO: [USF-XSim-98] Fetching design files from 'sim_1'...
INFO: [USF-XSim-2] XSim::Compile design
INFO: [USF-XSim-61] Executing 'COMPILE and ANALYZE' step in 'H:/GitHub/SoC-Testing-Validation-Project/project_2.sim/sim_1/behav'
"xvhdl -m64 --relax -prj Select_Circuit_vhdl.prj"
INFO: [VRFC 10-163] Analyzing VHDL file "H:/GitHub/SoC-Testing-Validation-Project/project_2.srcs/sources_1/new/Select.vhd" into library xil_defaultlib
INFO: [VRFC 10-307] analyzing entity Select_Circuit
INFO: [USF-XSim-69] 'compile' step finished in '2' seconds
INFO: [USF-XSim-3] XSim::Elaborate design
INFO: [USF-XSim-61] Executing 'ELABORATE' step in 'H:/GitHub/SoC-Testing-Validation-Project/project_2.sim/sim_1/behav'
Vivado Simulator 2016.2
Copyright 1986-1999, 2001-2016 Xilinx, Inc. All Rights Reserved.
Running: C:/Xilinx/Vivado/2016.2/bin/unwrapped/win64.o/xelab.exe -wto 9c471ea0f0074ab48ffdb59540443f59 --debug typical --relax --mt 2 -L xil_defaultlib -L secureip --snapshot Select_Circuit_behav xil_defaultlib.Select_Circuit -log elaborate.log 
Using 2 slave threads.
Starting static elaboration
ERROR: [VRFC 10-2335] case statement does not cover all choices. 'others' clause is needed [H:/GitHub/SoC-Testing-Validation-Project/project_2.srcs/sources_1/new/Select.vhd:31]
ERROR: [XSIM 43-3321] Static elaboration of top level VHDL design unit select_circuit in library work failed.
INFO: [USF-XSim-69] 'elaborate' step finished in '1' seconds
INFO: [USF-XSim-99] Step results log file:'H:/GitHub/SoC-Testing-Validation-Project/project_2.sim/sim_1/behav/elaborate.log'
ERROR: [USF-XSim-62] 'elaborate' step failed with error(s). Please check the Tcl console output or 'H:/GitHub/SoC-Testing-Validation-Project/project_2.sim/sim_1/behav/elaborate.log' file for more information.
ERROR: [Vivado 12-4473] Detected error while running simulation. Please correct the issue and retry this operation.
ERROR: [Common 17-39] 'launch_simulation' failed due to earlier errors.
launch_simulation
INFO: [USF-XSim-27] Simulation object is 'sim_1'
INFO: [USF-XSim-37] Inspecting design source files for 'Select_Circuit' in fileset 'sim_1'...
INFO: [USF-XSim-97] Finding global include files...
INFO: [USF-XSim-98] Fetching design files from 'sim_1'...
INFO: [USF-XSim-2] XSim::Compile design
INFO: [USF-XSim-61] Executing 'COMPILE and ANALYZE' step in 'H:/GitHub/SoC-Testing-Validation-Project/project_2.sim/sim_1/behav'
"xvhdl -m64 --relax -prj Select_Circuit_vhdl.prj"
INFO: [VRFC 10-163] Analyzing VHDL file "H:/GitHub/SoC-Testing-Validation-Project/project_2.srcs/sources_1/new/Select.vhd" into library xil_defaultlib
INFO: [VRFC 10-307] analyzing entity Select_Circuit
INFO: [USF-XSim-69] 'compile' step finished in '1' seconds
INFO: [USF-XSim-3] XSim::Elaborate design
INFO: [USF-XSim-61] Executing 'ELABORATE' step in 'H:/GitHub/SoC-Testing-Validation-Project/project_2.sim/sim_1/behav'
Vivado Simulator 2016.2
Copyright 1986-1999, 2001-2016 Xilinx, Inc. All Rights Reserved.
Running: C:/Xilinx/Vivado/2016.2/bin/unwrapped/win64.o/xelab.exe -wto 9c471ea0f0074ab48ffdb59540443f59 --debug typical --relax --mt 2 -L xil_defaultlib -L secureip --snapshot Select_Circuit_behav xil_defaultlib.Select_Circuit -log elaborate.log 
Using 2 slave threads.
Starting static elaboration
ERROR: [VRFC 10-2335] case statement does not cover all choices. 'others' clause is needed [H:/GitHub/SoC-Testing-Validation-Project/project_2.srcs/sources_1/new/Select.vhd:31]
ERROR: [XSIM 43-3321] Static elaboration of top level VHDL design unit select_circuit in library work failed.
INFO: [USF-XSim-69] 'elaborate' step finished in '1' seconds
INFO: [USF-XSim-99] Step results log file:'H:/GitHub/SoC-Testing-Validation-Project/project_2.sim/sim_1/behav/elaborate.log'
ERROR: [USF-XSim-62] 'elaborate' step failed with error(s). Please check the Tcl console output or 'H:/GitHub/SoC-Testing-Validation-Project/project_2.sim/sim_1/behav/elaborate.log' file for more information.
ERROR: [Vivado 12-4473] Detected error while running simulation. Please correct the issue and retry this operation.
ERROR: [Common 17-39] 'launch_simulation' failed due to earlier errors.
launch_simulation
INFO: [USF-XSim-27] Simulation object is 'sim_1'
INFO: [USF-XSim-37] Inspecting design source files for 'Select_Circuit' in fileset 'sim_1'...
INFO: [USF-XSim-97] Finding global include files...
INFO: [USF-XSim-98] Fetching design files from 'sim_1'...
INFO: [USF-XSim-2] XSim::Compile design
INFO: [USF-XSim-61] Executing 'COMPILE and ANALYZE' step in 'H:/GitHub/SoC-Testing-Validation-Project/project_2.sim/sim_1/behav'
"xvhdl -m64 --relax -prj Select_Circuit_vhdl.prj"
INFO: [VRFC 10-163] Analyzing VHDL file "H:/GitHub/SoC-Testing-Validation-Project/project_2.srcs/sources_1/new/Select.vhd" into library xil_defaultlib
INFO: [VRFC 10-307] analyzing entity Select_Circuit
INFO: [USF-XSim-69] 'compile' step finished in '1' seconds
INFO: [USF-XSim-3] XSim::Elaborate design
INFO: [USF-XSim-61] Executing 'ELABORATE' step in 'H:/GitHub/SoC-Testing-Validation-Project/project_2.sim/sim_1/behav'
Vivado Simulator 2016.2
Copyright 1986-1999, 2001-2016 Xilinx, Inc. All Rights Reserved.
Running: C:/Xilinx/Vivado/2016.2/bin/unwrapped/win64.o/xelab.exe -wto 9c471ea0f0074ab48ffdb59540443f59 --debug typical --relax --mt 2 -L xil_defaultlib -L secureip --snapshot Select_Circuit_behav xil_defaultlib.Select_Circuit -log elaborate.log 
Using 2 slave threads.
Starting static elaboration
ERROR: [VRFC 10-2335] case statement does not cover all choices. 'others' clause is needed [H:/GitHub/SoC-Testing-Validation-Project/project_2.srcs/sources_1/new/Select.vhd:31]
ERROR: [XSIM 43-3321] Static elaboration of top level VHDL design unit select_circuit in library work failed.
INFO: [USF-XSim-69] 'elaborate' step finished in '1' seconds
INFO: [USF-XSim-99] Step results log file:'H:/GitHub/SoC-Testing-Validation-Project/project_2.sim/sim_1/behav/elaborate.log'
ERROR: [USF-XSim-62] 'elaborate' step failed with error(s). Please check the Tcl console output or 'H:/GitHub/SoC-Testing-Validation-Project/project_2.sim/sim_1/behav/elaborate.log' file for more information.
ERROR: [Vivado 12-4473] Detected error while running simulation. Please correct the issue and retry this operation.
ERROR: [Common 17-39] 'launch_simulation' failed due to earlier errors.
update_compile_order -fileset sim_1
launch_simulation
INFO: [USF-XSim-27] Simulation object is 'sim_1'
INFO: [USF-XSim-37] Inspecting design source files for 'select_tb' in fileset 'sim_1'...
INFO: [USF-XSim-97] Finding global include files...
INFO: [USF-XSim-98] Fetching design files from 'sim_1'...
INFO: [USF-XSim-2] XSim::Compile design
INFO: [USF-XSim-61] Executing 'COMPILE and ANALYZE' step in 'H:/GitHub/SoC-Testing-Validation-Project/project_2.sim/sim_1/behav'
"xvhdl -m64 --relax -prj select_tb_vhdl.prj"
INFO: [VRFC 10-163] Analyzing VHDL file "H:/GitHub/SoC-Testing-Validation-Project/project_2.srcs/sources_1/new/Select.vhd" into library xil_defaultlib
INFO: [VRFC 10-307] analyzing entity Select_Circuit
INFO: [VRFC 10-163] Analyzing VHDL file "H:/GitHub/SoC-Testing-Validation-Project/project_2.srcs/sim_1/new/select_tb.vhd" into library xil_defaultlib
INFO: [VRFC 10-307] analyzing entity select_tb
ERROR: [VRFC 10-719] formal port/generic <tmpa> is not declared in <select_circuit> [H:/GitHub/SoC-Testing-Validation-Project/project_2.srcs/sim_1/new/select_tb.vhd:34]
ERROR: [VRFC 10-704] formal ra has no actual or default value [H:/GitHub/SoC-Testing-Validation-Project/project_2.srcs/sim_1/new/select_tb.vhd:32]
ERROR: [VRFC 10-1504] unit behavioral ignored due to previous errors [H:/GitHub/SoC-Testing-Validation-Project/project_2.srcs/sim_1/new/select_tb.vhd:17]
INFO: [VRFC 10-240] VHDL file H:/GitHub/SoC-Testing-Validation-Project/project_2.srcs/sim_1/new/select_tb.vhd ignored due to errors
INFO: [USF-XSim-69] 'compile' step finished in '1' seconds
INFO: [USF-XSim-99] Step results log file:'H:/GitHub/SoC-Testing-Validation-Project/project_2.sim/sim_1/behav/xvhdl.log'
ERROR: [USF-XSim-62] 'compile' step failed with error(s). Please check the Tcl console output or 'H:/GitHub/SoC-Testing-Validation-Project/project_2.sim/sim_1/behav/xvhdl.log' file for more information.
ERROR: [Vivado 12-4473] Detected error while running simulation. Please correct the issue and retry this operation.
ERROR: [Common 17-39] 'launch_simulation' failed due to earlier errors.
update_compile_order -fileset sim_1
launch_simulation
INFO: [USF-XSim-27] Simulation object is 'sim_1'
INFO: [USF-XSim-37] Inspecting design source files for 'select_tb' in fileset 'sim_1'...
INFO: [USF-XSim-97] Finding global include files...
INFO: [USF-XSim-98] Fetching design files from 'sim_1'...
INFO: [USF-XSim-2] XSim::Compile design
INFO: [USF-XSim-61] Executing 'COMPILE and ANALYZE' step in 'H:/GitHub/SoC-Testing-Validation-Project/project_2.sim/sim_1/behav'
"xvhdl -m64 --relax -prj select_tb_vhdl.prj"
INFO: [VRFC 10-163] Analyzing VHDL file "H:/GitHub/SoC-Testing-Validation-Project/project_2.srcs/sources_1/new/Select.vhd" into library xil_defaultlib
INFO: [VRFC 10-307] analyzing entity Select_Circuit
INFO: [VRFC 10-163] Analyzing VHDL file "H:/GitHub/SoC-Testing-Validation-Project/project_2.srcs/sim_1/new/select_tb.vhd" into library xil_defaultlib
INFO: [VRFC 10-307] analyzing entity select_tb
ERROR: [VRFC 10-719] formal port/generic <tmpa> is not declared in <select_circuit> [H:/GitHub/SoC-Testing-Validation-Project/project_2.srcs/sim_1/new/select_tb.vhd:34]
ERROR: [VRFC 10-704] formal ra has no actual or default value [H:/GitHub/SoC-Testing-Validation-Project/project_2.srcs/sim_1/new/select_tb.vhd:32]
ERROR: [VRFC 10-1504] unit behavioral ignored due to previous errors [H:/GitHub/SoC-Testing-Validation-Project/project_2.srcs/sim_1/new/select_tb.vhd:17]
INFO: [VRFC 10-240] VHDL file H:/GitHub/SoC-Testing-Validation-Project/project_2.srcs/sim_1/new/select_tb.vhd ignored due to errors
INFO: [USF-XSim-69] 'compile' step finished in '1' seconds
INFO: [USF-XSim-99] Step results log file:'H:/GitHub/SoC-Testing-Validation-Project/project_2.sim/sim_1/behav/xvhdl.log'
ERROR: [USF-XSim-62] 'compile' step failed with error(s). Please check the Tcl console output or 'H:/GitHub/SoC-Testing-Validation-Project/project_2.sim/sim_1/behav/xvhdl.log' file for more information.
ERROR: [Vivado 12-4473] Detected error while running simulation. Please correct the issue and retry this operation.
ERROR: [Common 17-39] 'launch_simulation' failed due to earlier errors.
launch_simulation
INFO: [USF-XSim-27] Simulation object is 'sim_1'
INFO: [USF-XSim-37] Inspecting design source files for 'select_tb' in fileset 'sim_1'...
INFO: [USF-XSim-97] Finding global include files...
INFO: [USF-XSim-98] Fetching design files from 'sim_1'...
INFO: [USF-XSim-2] XSim::Compile design
INFO: [USF-XSim-61] Executing 'COMPILE and ANALYZE' step in 'H:/GitHub/SoC-Testing-Validation-Project/project_2.sim/sim_1/behav'
"xvhdl -m64 --relax -prj select_tb_vhdl.prj"
INFO: [VRFC 10-163] Analyzing VHDL file "H:/GitHub/SoC-Testing-Validation-Project/project_2.srcs/sources_1/new/Select.vhd" into library xil_defaultlib
INFO: [VRFC 10-307] analyzing entity Select_Circuit
INFO: [VRFC 10-163] Analyzing VHDL file "H:/GitHub/SoC-Testing-Validation-Project/project_2.srcs/sim_1/new/select_tb.vhd" into library xil_defaultlib
INFO: [VRFC 10-307] analyzing entity select_tb
ERROR: [VRFC 10-719] formal port/generic <tmpa> is not declared in <select_circuit> [H:/GitHub/SoC-Testing-Validation-Project/project_2.srcs/sim_1/new/select_tb.vhd:34]
ERROR: [VRFC 10-704] formal ra has no actual or default value [H:/GitHub/SoC-Testing-Validation-Project/project_2.srcs/sim_1/new/select_tb.vhd:32]
ERROR: [VRFC 10-1504] unit behavioral ignored due to previous errors [H:/GitHub/SoC-Testing-Validation-Project/project_2.srcs/sim_1/new/select_tb.vhd:17]
INFO: [VRFC 10-240] VHDL file H:/GitHub/SoC-Testing-Validation-Project/project_2.srcs/sim_1/new/select_tb.vhd ignored due to errors
INFO: [USF-XSim-69] 'compile' step finished in '1' seconds
INFO: [USF-XSim-99] Step results log file:'H:/GitHub/SoC-Testing-Validation-Project/project_2.sim/sim_1/behav/xvhdl.log'
ERROR: [USF-XSim-62] 'compile' step failed with error(s). Please check the Tcl console output or 'H:/GitHub/SoC-Testing-Validation-Project/project_2.sim/sim_1/behav/xvhdl.log' file for more information.
ERROR: [Vivado 12-4473] Detected error while running simulation. Please correct the issue and retry this operation.
ERROR: [Common 17-39] 'launch_simulation' failed due to earlier errors.
launch_simulation
INFO: [USF-XSim-27] Simulation object is 'sim_1'
INFO: [USF-XSim-37] Inspecting design source files for 'select_tb' in fileset 'sim_1'...
INFO: [USF-XSim-97] Finding global include files...
INFO: [USF-XSim-98] Fetching design files from 'sim_1'...
INFO: [USF-XSim-2] XSim::Compile design
INFO: [USF-XSim-61] Executing 'COMPILE and ANALYZE' step in 'H:/GitHub/SoC-Testing-Validation-Project/project_2.sim/sim_1/behav'
"xvhdl -m64 --relax -prj select_tb_vhdl.prj"
INFO: [VRFC 10-163] Analyzing VHDL file "H:/GitHub/SoC-Testing-Validation-Project/project_2.srcs/sources_1/new/Select.vhd" into library xil_defaultlib
INFO: [VRFC 10-307] analyzing entity Select_Circuit
INFO: [VRFC 10-163] Analyzing VHDL file "H:/GitHub/SoC-Testing-Validation-Project/project_2.srcs/sim_1/new/select_tb.vhd" into library xil_defaultlib
INFO: [VRFC 10-307] analyzing entity select_tb
ERROR: [VRFC 10-719] formal port/generic <tmpa> is not declared in <select_circuit> [H:/GitHub/SoC-Testing-Validation-Project/project_2.srcs/sim_1/new/select_tb.vhd:34]
ERROR: [VRFC 10-704] formal ra has no actual or default value [H:/GitHub/SoC-Testing-Validation-Project/project_2.srcs/sim_1/new/select_tb.vhd:32]
ERROR: [VRFC 10-1504] unit behavioral ignored due to previous errors [H:/GitHub/SoC-Testing-Validation-Project/project_2.srcs/sim_1/new/select_tb.vhd:17]
INFO: [VRFC 10-240] VHDL file H:/GitHub/SoC-Testing-Validation-Project/project_2.srcs/sim_1/new/select_tb.vhd ignored due to errors
INFO: [USF-XSim-69] 'compile' step finished in '1' seconds
INFO: [USF-XSim-99] Step results log file:'H:/GitHub/SoC-Testing-Validation-Project/project_2.sim/sim_1/behav/xvhdl.log'
ERROR: [USF-XSim-62] 'compile' step failed with error(s). Please check the Tcl console output or 'H:/GitHub/SoC-Testing-Validation-Project/project_2.sim/sim_1/behav/xvhdl.log' file for more information.
ERROR: [Vivado 12-4473] Detected error while running simulation. Please correct the issue and retry this operation.
ERROR: [Common 17-39] 'launch_simulation' failed due to earlier errors.
launch_simulation
INFO: [USF-XSim-27] Simulation object is 'sim_1'
INFO: [USF-XSim-37] Inspecting design source files for 'select_tb' in fileset 'sim_1'...
INFO: [USF-XSim-97] Finding global include files...
INFO: [USF-XSim-98] Fetching design files from 'sim_1'...
INFO: [USF-XSim-2] XSim::Compile design
INFO: [USF-XSim-61] Executing 'COMPILE and ANALYZE' step in 'H:/GitHub/SoC-Testing-Validation-Project/project_2.sim/sim_1/behav'
"xvhdl -m64 --relax -prj select_tb_vhdl.prj"
INFO: [VRFC 10-163] Analyzing VHDL file "H:/GitHub/SoC-Testing-Validation-Project/project_2.srcs/sources_1/new/Select.vhd" into library xil_defaultlib
INFO: [VRFC 10-307] analyzing entity Select_Circuit
INFO: [VRFC 10-163] Analyzing VHDL file "H:/GitHub/SoC-Testing-Validation-Project/project_2.srcs/sim_1/new/select_tb.vhd" into library xil_defaultlib
INFO: [VRFC 10-307] analyzing entity select_tb
ERROR: [VRFC 10-719] formal port/generic <tmpa> is not declared in <select_circuit> [H:/GitHub/SoC-Testing-Validation-Project/project_2.srcs/sim_1/new/select_tb.vhd:34]
ERROR: [VRFC 10-704] formal ra has no actual or default value [H:/GitHub/SoC-Testing-Validation-Project/project_2.srcs/sim_1/new/select_tb.vhd:32]
ERROR: [VRFC 10-1504] unit behavioral ignored due to previous errors [H:/GitHub/SoC-Testing-Validation-Project/project_2.srcs/sim_1/new/select_tb.vhd:17]
INFO: [VRFC 10-240] VHDL file H:/GitHub/SoC-Testing-Validation-Project/project_2.srcs/sim_1/new/select_tb.vhd ignored due to errors
INFO: [USF-XSim-69] 'compile' step finished in '1' seconds
INFO: [USF-XSim-99] Step results log file:'H:/GitHub/SoC-Testing-Validation-Project/project_2.sim/sim_1/behav/xvhdl.log'
ERROR: [USF-XSim-62] 'compile' step failed with error(s). Please check the Tcl console output or 'H:/GitHub/SoC-Testing-Validation-Project/project_2.sim/sim_1/behav/xvhdl.log' file for more information.
ERROR: [Vivado 12-4473] Detected error while running simulation. Please correct the issue and retry this operation.
ERROR: [Common 17-39] 'launch_simulation' failed due to earlier errors.
launch_simulation
INFO: [USF-XSim-27] Simulation object is 'sim_1'
INFO: [USF-XSim-37] Inspecting design source files for 'select_tb' in fileset 'sim_1'...
INFO: [USF-XSim-97] Finding global include files...
INFO: [USF-XSim-98] Fetching design files from 'sim_1'...
INFO: [USF-XSim-2] XSim::Compile design
INFO: [USF-XSim-61] Executing 'COMPILE and ANALYZE' step in 'H:/GitHub/SoC-Testing-Validation-Project/project_2.sim/sim_1/behav'
"xvhdl -m64 --relax -prj select_tb_vhdl.prj"
INFO: [VRFC 10-163] Analyzing VHDL file "H:/GitHub/SoC-Testing-Validation-Project/project_2.srcs/sources_1/new/Select.vhd" into library xil_defaultlib
INFO: [VRFC 10-307] analyzing entity Select_Circuit
ERROR: [VRFC 10-1412] syntax error near others [H:/GitHub/SoC-Testing-Validation-Project/project_2.srcs/sources_1/new/Select.vhd:58]
ERROR: [VRFC 10-1504] unit behavioral ignored due to previous errors [H:/GitHub/SoC-Testing-Validation-Project/project_2.srcs/sources_1/new/Select.vhd:23]
INFO: [VRFC 10-240] VHDL file H:/GitHub/SoC-Testing-Validation-Project/project_2.srcs/sources_1/new/Select.vhd ignored due to errors
INFO: [USF-XSim-69] 'compile' step finished in '1' seconds
INFO: [USF-XSim-99] Step results log file:'H:/GitHub/SoC-Testing-Validation-Project/project_2.sim/sim_1/behav/xvhdl.log'
ERROR: [USF-XSim-62] 'compile' step failed with error(s). Please check the Tcl console output or 'H:/GitHub/SoC-Testing-Validation-Project/project_2.sim/sim_1/behav/xvhdl.log' file for more information.
ERROR: [Vivado 12-4473] Detected error while running simulation. Please correct the issue and retry this operation.
ERROR: [Common 17-39] 'launch_simulation' failed due to earlier errors.
launch_simulation
INFO: [USF-XSim-27] Simulation object is 'sim_1'
INFO: [USF-XSim-37] Inspecting design source files for 'select_tb' in fileset 'sim_1'...
INFO: [USF-XSim-97] Finding global include files...
INFO: [USF-XSim-98] Fetching design files from 'sim_1'...
INFO: [USF-XSim-2] XSim::Compile design
INFO: [USF-XSim-61] Executing 'COMPILE and ANALYZE' step in 'H:/GitHub/SoC-Testing-Validation-Project/project_2.sim/sim_1/behav'
"xvhdl -m64 --relax -prj select_tb_vhdl.prj"
INFO: [VRFC 10-163] Analyzing VHDL file "H:/GitHub/SoC-Testing-Validation-Project/project_2.srcs/sources_1/new/Select.vhd" into library xil_defaultlib
INFO: [VRFC 10-307] analyzing entity Select_Circuit
INFO: [VRFC 10-163] Analyzing VHDL file "H:/GitHub/SoC-Testing-Validation-Project/project_2.srcs/sim_1/new/select_tb.vhd" into library xil_defaultlib
INFO: [VRFC 10-307] analyzing entity select_tb
ERROR: [VRFC 10-719] formal port/generic <tmpa> is not declared in <select_circuit> [H:/GitHub/SoC-Testing-Validation-Project/project_2.srcs/sim_1/new/select_tb.vhd:34]
ERROR: [VRFC 10-704] formal ra has no actual or default value [H:/GitHub/SoC-Testing-Validation-Project/project_2.srcs/sim_1/new/select_tb.vhd:32]
ERROR: [VRFC 10-1504] unit behavioral ignored due to previous errors [H:/GitHub/SoC-Testing-Validation-Project/project_2.srcs/sim_1/new/select_tb.vhd:17]
INFO: [VRFC 10-240] VHDL file H:/GitHub/SoC-Testing-Validation-Project/project_2.srcs/sim_1/new/select_tb.vhd ignored due to errors
INFO: [USF-XSim-69] 'compile' step finished in '1' seconds
INFO: [USF-XSim-99] Step results log file:'H:/GitHub/SoC-Testing-Validation-Project/project_2.sim/sim_1/behav/xvhdl.log'
ERROR: [USF-XSim-62] 'compile' step failed with error(s). Please check the Tcl console output or 'H:/GitHub/SoC-Testing-Validation-Project/project_2.sim/sim_1/behav/xvhdl.log' file for more information.
ERROR: [Vivado 12-4473] Detected error while running simulation. Please correct the issue and retry this operation.
ERROR: [Common 17-39] 'launch_simulation' failed due to earlier errors.
launch_simulation
INFO: [USF-XSim-27] Simulation object is 'sim_1'
INFO: [USF-XSim-37] Inspecting design source files for 'select_tb' in fileset 'sim_1'...
INFO: [USF-XSim-97] Finding global include files...
INFO: [USF-XSim-98] Fetching design files from 'sim_1'...
INFO: [USF-XSim-2] XSim::Compile design
INFO: [USF-XSim-61] Executing 'COMPILE and ANALYZE' step in 'H:/GitHub/SoC-Testing-Validation-Project/project_2.sim/sim_1/behav'
"xvhdl -m64 --relax -prj select_tb_vhdl.prj"
INFO: [VRFC 10-163] Analyzing VHDL file "H:/GitHub/SoC-Testing-Validation-Project/project_2.srcs/sources_1/new/Select.vhd" into library xil_defaultlib
INFO: [VRFC 10-307] analyzing entity Select_Circuit
INFO: [VRFC 10-163] Analyzing VHDL file "H:/GitHub/SoC-Testing-Validation-Project/project_2.srcs/sim_1/new/select_tb.vhd" into library xil_defaultlib
INFO: [VRFC 10-307] analyzing entity select_tb
ERROR: [VRFC 10-719] formal port/generic <tmpa> is not declared in <select_circuit> [H:/GitHub/SoC-Testing-Validation-Project/project_2.srcs/sim_1/new/select_tb.vhd:34]
ERROR: [VRFC 10-704] formal ra has no actual or default value [H:/GitHub/SoC-Testing-Validation-Project/project_2.srcs/sim_1/new/select_tb.vhd:32]
ERROR: [VRFC 10-1504] unit behavioral ignored due to previous errors [H:/GitHub/SoC-Testing-Validation-Project/project_2.srcs/sim_1/new/select_tb.vhd:17]
INFO: [VRFC 10-240] VHDL file H:/GitHub/SoC-Testing-Validation-Project/project_2.srcs/sim_1/new/select_tb.vhd ignored due to errors
INFO: [USF-XSim-69] 'compile' step finished in '1' seconds
INFO: [USF-XSim-99] Step results log file:'H:/GitHub/SoC-Testing-Validation-Project/project_2.sim/sim_1/behav/xvhdl.log'
ERROR: [USF-XSim-62] 'compile' step failed with error(s). Please check the Tcl console output or 'H:/GitHub/SoC-Testing-Validation-Project/project_2.sim/sim_1/behav/xvhdl.log' file for more information.
ERROR: [Vivado 12-4473] Detected error while running simulation. Please correct the issue and retry this operation.
ERROR: [Common 17-39] 'launch_simulation' failed due to earlier errors.
launch_simulation
INFO: [USF-XSim-27] Simulation object is 'sim_1'
INFO: [USF-XSim-37] Inspecting design source files for 'select_tb' in fileset 'sim_1'...
INFO: [USF-XSim-97] Finding global include files...
INFO: [USF-XSim-98] Fetching design files from 'sim_1'...
INFO: [USF-XSim-2] XSim::Compile design
INFO: [USF-XSim-61] Executing 'COMPILE and ANALYZE' step in 'H:/GitHub/SoC-Testing-Validation-Project/project_2.sim/sim_1/behav'
"xvhdl -m64 --relax -prj select_tb_vhdl.prj"
INFO: [VRFC 10-163] Analyzing VHDL file "H:/GitHub/SoC-Testing-Validation-Project/project_2.srcs/sources_1/new/Select.vhd" into library xil_defaultlib
INFO: [VRFC 10-307] analyzing entity Select_Circuit
INFO: [VRFC 10-163] Analyzing VHDL file "H:/GitHub/SoC-Testing-Validation-Project/project_2.srcs/sim_1/new/select_tb.vhd" into library xil_defaultlib
INFO: [VRFC 10-307] analyzing entity select_tb
ERROR: [VRFC 10-719] formal port/generic <tmpa> is not declared in <select_circuit> [H:/GitHub/SoC-Testing-Validation-Project/project_2.srcs/sim_1/new/select_tb.vhd:34]
ERROR: [VRFC 10-704] formal ra has no actual or default value [H:/GitHub/SoC-Testing-Validation-Project/project_2.srcs/sim_1/new/select_tb.vhd:32]
ERROR: [VRFC 10-1504] unit behavioral ignored due to previous errors [H:/GitHub/SoC-Testing-Validation-Project/project_2.srcs/sim_1/new/select_tb.vhd:17]
INFO: [VRFC 10-240] VHDL file H:/GitHub/SoC-Testing-Validation-Project/project_2.srcs/sim_1/new/select_tb.vhd ignored due to errors
INFO: [USF-XSim-69] 'compile' step finished in '1' seconds
INFO: [USF-XSim-99] Step results log file:'H:/GitHub/SoC-Testing-Validation-Project/project_2.sim/sim_1/behav/xvhdl.log'
ERROR: [USF-XSim-62] 'compile' step failed with error(s). Please check the Tcl console output or 'H:/GitHub/SoC-Testing-Validation-Project/project_2.sim/sim_1/behav/xvhdl.log' file for more information.
ERROR: [Vivado 12-4473] Detected error while running simulation. Please correct the issue and retry this operation.
ERROR: [Common 17-39] 'launch_simulation' failed due to earlier errors.
launch_simulation
INFO: [USF-XSim-27] Simulation object is 'sim_1'
INFO: [USF-XSim-37] Inspecting design source files for 'select_tb' in fileset 'sim_1'...
INFO: [USF-XSim-97] Finding global include files...
INFO: [USF-XSim-98] Fetching design files from 'sim_1'...
INFO: [USF-XSim-2] XSim::Compile design
INFO: [USF-XSim-61] Executing 'COMPILE and ANALYZE' step in 'H:/GitHub/SoC-Testing-Validation-Project/project_2.sim/sim_1/behav'
"xvhdl -m64 --relax -prj select_tb_vhdl.prj"
INFO: [VRFC 10-163] Analyzing VHDL file "H:/GitHub/SoC-Testing-Validation-Project/project_2.srcs/sources_1/new/Select.vhd" into library xil_defaultlib
INFO: [VRFC 10-307] analyzing entity Select_Circuit
INFO: [VRFC 10-163] Analyzing VHDL file "H:/GitHub/SoC-Testing-Validation-Project/project_2.srcs/sim_1/new/select_tb.vhd" into library xil_defaultlib
INFO: [VRFC 10-307] analyzing entity select_tb
ERROR: [VRFC 10-719] formal port/generic <tmpa> is not declared in <select_circuit> [H:/GitHub/SoC-Testing-Validation-Project/project_2.srcs/sim_1/new/select_tb.vhd:34]
ERROR: [VRFC 10-704] formal ra has no actual or default value [H:/GitHub/SoC-Testing-Validation-Project/project_2.srcs/sim_1/new/select_tb.vhd:32]
ERROR: [VRFC 10-1504] unit behavioral ignored due to previous errors [H:/GitHub/SoC-Testing-Validation-Project/project_2.srcs/sim_1/new/select_tb.vhd:17]
INFO: [VRFC 10-240] VHDL file H:/GitHub/SoC-Testing-Validation-Project/project_2.srcs/sim_1/new/select_tb.vhd ignored due to errors
INFO: [USF-XSim-69] 'compile' step finished in '1' seconds
INFO: [USF-XSim-99] Step results log file:'H:/GitHub/SoC-Testing-Validation-Project/project_2.sim/sim_1/behav/xvhdl.log'
ERROR: [USF-XSim-62] 'compile' step failed with error(s). Please check the Tcl console output or 'H:/GitHub/SoC-Testing-Validation-Project/project_2.sim/sim_1/behav/xvhdl.log' file for more information.
ERROR: [Vivado 12-4473] Detected error while running simulation. Please correct the issue and retry this operation.
ERROR: [Common 17-39] 'launch_simulation' failed due to earlier errors.
launch_simulation
INFO: [USF-XSim-27] Simulation object is 'sim_1'
INFO: [USF-XSim-37] Inspecting design source files for 'select_tb' in fileset 'sim_1'...
INFO: [USF-XSim-97] Finding global include files...
INFO: [USF-XSim-98] Fetching design files from 'sim_1'...
INFO: [USF-XSim-2] XSim::Compile design
INFO: [USF-XSim-61] Executing 'COMPILE and ANALYZE' step in 'H:/GitHub/SoC-Testing-Validation-Project/project_2.sim/sim_1/behav'
"xvhdl -m64 --relax -prj select_tb_vhdl.prj"
INFO: [VRFC 10-163] Analyzing VHDL file "H:/GitHub/SoC-Testing-Validation-Project/project_2.srcs/sources_1/new/Select.vhd" into library xil_defaultlib
INFO: [VRFC 10-307] analyzing entity Select_Circuit
INFO: [VRFC 10-163] Analyzing VHDL file "H:/GitHub/SoC-Testing-Validation-Project/project_2.srcs/sim_1/new/select_tb.vhd" into library xil_defaultlib
INFO: [VRFC 10-307] analyzing entity select_tb
ERROR: [VRFC 10-719] formal port/generic <tmpa> is not declared in <select_circuit> [H:/GitHub/SoC-Testing-Validation-Project/project_2.srcs/sim_1/new/select_tb.vhd:34]
ERROR: [VRFC 10-704] formal ra has no actual or default value [H:/GitHub/SoC-Testing-Validation-Project/project_2.srcs/sim_1/new/select_tb.vhd:32]
ERROR: [VRFC 10-1504] unit behavioral ignored due to previous errors [H:/GitHub/SoC-Testing-Validation-Project/project_2.srcs/sim_1/new/select_tb.vhd:17]
INFO: [VRFC 10-240] VHDL file H:/GitHub/SoC-Testing-Validation-Project/project_2.srcs/sim_1/new/select_tb.vhd ignored due to errors
INFO: [USF-XSim-69] 'compile' step finished in '1' seconds
INFO: [USF-XSim-99] Step results log file:'H:/GitHub/SoC-Testing-Validation-Project/project_2.sim/sim_1/behav/xvhdl.log'
ERROR: [USF-XSim-62] 'compile' step failed with error(s). Please check the Tcl console output or 'H:/GitHub/SoC-Testing-Validation-Project/project_2.sim/sim_1/behav/xvhdl.log' file for more information.
ERROR: [Vivado 12-4473] Detected error while running simulation. Please correct the issue and retry this operation.
ERROR: [Common 17-39] 'launch_simulation' failed due to earlier errors.
launch_simulation
INFO: [USF-XSim-27] Simulation object is 'sim_1'
INFO: [USF-XSim-37] Inspecting design source files for 'select_tb' in fileset 'sim_1'...
INFO: [USF-XSim-97] Finding global include files...
INFO: [USF-XSim-98] Fetching design files from 'sim_1'...
INFO: [USF-XSim-2] XSim::Compile design
INFO: [USF-XSim-61] Executing 'COMPILE and ANALYZE' step in 'H:/GitHub/SoC-Testing-Validation-Project/project_2.sim/sim_1/behav'
"xvhdl -m64 --relax -prj select_tb_vhdl.prj"
INFO: [VRFC 10-163] Analyzing VHDL file "H:/GitHub/SoC-Testing-Validation-Project/project_2.srcs/sources_1/new/Select.vhd" into library xil_defaultlib
INFO: [VRFC 10-307] analyzing entity Select_Circuit
INFO: [VRFC 10-163] Analyzing VHDL file "H:/GitHub/SoC-Testing-Validation-Project/project_2.srcs/sim_1/new/select_tb.vhd" into library xil_defaultlib
INFO: [VRFC 10-307] analyzing entity select_tb
ERROR: [VRFC 10-719] formal port/generic <tmpa> is not declared in <select_circuit> [H:/GitHub/SoC-Testing-Validation-Project/project_2.srcs/sim_1/new/select_tb.vhd:34]
ERROR: [VRFC 10-704] formal ra has no actual or default value [H:/GitHub/SoC-Testing-Validation-Project/project_2.srcs/sim_1/new/select_tb.vhd:32]
ERROR: [VRFC 10-1504] unit behavioral ignored due to previous errors [H:/GitHub/SoC-Testing-Validation-Project/project_2.srcs/sim_1/new/select_tb.vhd:17]
INFO: [VRFC 10-240] VHDL file H:/GitHub/SoC-Testing-Validation-Project/project_2.srcs/sim_1/new/select_tb.vhd ignored due to errors
INFO: [USF-XSim-69] 'compile' step finished in '1' seconds
INFO: [USF-XSim-99] Step results log file:'H:/GitHub/SoC-Testing-Validation-Project/project_2.sim/sim_1/behav/xvhdl.log'
ERROR: [USF-XSim-62] 'compile' step failed with error(s). Please check the Tcl console output or 'H:/GitHub/SoC-Testing-Validation-Project/project_2.sim/sim_1/behav/xvhdl.log' file for more information.
ERROR: [Vivado 12-4473] Detected error while running simulation. Please correct the issue and retry this operation.
ERROR: [Common 17-39] 'launch_simulation' failed due to earlier errors.
launch_simulation
INFO: [USF-XSim-27] Simulation object is 'sim_1'
INFO: [USF-XSim-37] Inspecting design source files for 'select_tb' in fileset 'sim_1'...
INFO: [USF-XSim-97] Finding global include files...
INFO: [USF-XSim-98] Fetching design files from 'sim_1'...
INFO: [USF-XSim-2] XSim::Compile design
INFO: [USF-XSim-61] Executing 'COMPILE and ANALYZE' step in 'H:/GitHub/SoC-Testing-Validation-Project/project_2.sim/sim_1/behav'
"xvhdl -m64 --relax -prj select_tb_vhdl.prj"
INFO: [VRFC 10-163] Analyzing VHDL file "H:/GitHub/SoC-Testing-Validation-Project/project_2.srcs/sources_1/new/Select.vhd" into library xil_defaultlib
INFO: [VRFC 10-307] analyzing entity Select_Circuit
INFO: [VRFC 10-163] Analyzing VHDL file "H:/GitHub/SoC-Testing-Validation-Project/project_2.srcs/sim_1/new/select_tb.vhd" into library xil_defaultlib
INFO: [VRFC 10-307] analyzing entity select_tb
ERROR: [VRFC 10-719] formal port/generic <tmpa> is not declared in <select_circuit> [H:/GitHub/SoC-Testing-Validation-Project/project_2.srcs/sim_1/new/select_tb.vhd:34]
ERROR: [VRFC 10-704] formal ra has no actual or default value [H:/GitHub/SoC-Testing-Validation-Project/project_2.srcs/sim_1/new/select_tb.vhd:32]
ERROR: [VRFC 10-1504] unit behavioral ignored due to previous errors [H:/GitHub/SoC-Testing-Validation-Project/project_2.srcs/sim_1/new/select_tb.vhd:17]
INFO: [VRFC 10-240] VHDL file H:/GitHub/SoC-Testing-Validation-Project/project_2.srcs/sim_1/new/select_tb.vhd ignored due to errors
INFO: [USF-XSim-69] 'compile' step finished in '1' seconds
INFO: [USF-XSim-99] Step results log file:'H:/GitHub/SoC-Testing-Validation-Project/project_2.sim/sim_1/behav/xvhdl.log'
ERROR: [USF-XSim-62] 'compile' step failed with error(s). Please check the Tcl console output or 'H:/GitHub/SoC-Testing-Validation-Project/project_2.sim/sim_1/behav/xvhdl.log' file for more information.
ERROR: [Vivado 12-4473] Detected error while running simulation. Please correct the issue and retry this operation.
ERROR: [Common 17-39] 'launch_simulation' failed due to earlier errors.
launch_simulation
INFO: [USF-XSim-27] Simulation object is 'sim_1'
INFO: [USF-XSim-37] Inspecting design source files for 'select_tb' in fileset 'sim_1'...
INFO: [USF-XSim-97] Finding global include files...
INFO: [USF-XSim-98] Fetching design files from 'sim_1'...
INFO: [USF-XSim-2] XSim::Compile design
INFO: [USF-XSim-61] Executing 'COMPILE and ANALYZE' step in 'H:/GitHub/SoC-Testing-Validation-Project/project_2.sim/sim_1/behav'
"xvhdl -m64 --relax -prj select_tb_vhdl.prj"
INFO: [VRFC 10-163] Analyzing VHDL file "H:/GitHub/SoC-Testing-Validation-Project/project_2.srcs/sources_1/new/Select.vhd" into library xil_defaultlib
INFO: [VRFC 10-307] analyzing entity Select_Circuit
INFO: [VRFC 10-163] Analyzing VHDL file "H:/GitHub/SoC-Testing-Validation-Project/project_2.srcs/sim_1/new/select_tb.vhd" into library xil_defaultlib
INFO: [VRFC 10-307] analyzing entity select_tb
ERROR: [VRFC 10-719] formal port/generic <tmpa> is not declared in <select_circuit> [H:/GitHub/SoC-Testing-Validation-Project/project_2.srcs/sim_1/new/select_tb.vhd:34]
ERROR: [VRFC 10-704] formal ra has no actual or default value [H:/GitHub/SoC-Testing-Validation-Project/project_2.srcs/sim_1/new/select_tb.vhd:32]
ERROR: [VRFC 10-1504] unit behavioral ignored due to previous errors [H:/GitHub/SoC-Testing-Validation-Project/project_2.srcs/sim_1/new/select_tb.vhd:17]
INFO: [VRFC 10-240] VHDL file H:/GitHub/SoC-Testing-Validation-Project/project_2.srcs/sim_1/new/select_tb.vhd ignored due to errors
INFO: [USF-XSim-69] 'compile' step finished in '1' seconds
INFO: [USF-XSim-99] Step results log file:'H:/GitHub/SoC-Testing-Validation-Project/project_2.sim/sim_1/behav/xvhdl.log'
ERROR: [USF-XSim-62] 'compile' step failed with error(s). Please check the Tcl console output or 'H:/GitHub/SoC-Testing-Validation-Project/project_2.sim/sim_1/behav/xvhdl.log' file for more information.
ERROR: [Vivado 12-4473] Detected error while running simulation. Please correct the issue and retry this operation.
ERROR: [Common 17-39] 'launch_simulation' failed due to earlier errors.
launch_simulation
INFO: [USF-XSim-27] Simulation object is 'sim_1'
INFO: [USF-XSim-37] Inspecting design source files for 'select_tb' in fileset 'sim_1'...
INFO: [USF-XSim-97] Finding global include files...
INFO: [USF-XSim-98] Fetching design files from 'sim_1'...
INFO: [USF-XSim-2] XSim::Compile design
INFO: [USF-XSim-61] Executing 'COMPILE and ANALYZE' step in 'H:/GitHub/SoC-Testing-Validation-Project/project_2.sim/sim_1/behav'
"xvhdl -m64 --relax -prj select_tb_vhdl.prj"
INFO: [VRFC 10-163] Analyzing VHDL file "H:/GitHub/SoC-Testing-Validation-Project/project_2.srcs/sources_1/new/Select.vhd" into library xil_defaultlib
INFO: [VRFC 10-307] analyzing entity Select_Circuit
INFO: [VRFC 10-163] Analyzing VHDL file "H:/GitHub/SoC-Testing-Validation-Project/project_2.srcs/sim_1/new/select_tb.vhd" into library xil_defaultlib
INFO: [VRFC 10-307] analyzing entity select_tb
ERROR: [VRFC 10-719] formal port/generic <tmpa> is not declared in <select_circuit> [H:/GitHub/SoC-Testing-Validation-Project/project_2.srcs/sim_1/new/select_tb.vhd:34]
ERROR: [VRFC 10-704] formal ra has no actual or default value [H:/GitHub/SoC-Testing-Validation-Project/project_2.srcs/sim_1/new/select_tb.vhd:32]
ERROR: [VRFC 10-1504] unit behavioral ignored due to previous errors [H:/GitHub/SoC-Testing-Validation-Project/project_2.srcs/sim_1/new/select_tb.vhd:17]
INFO: [VRFC 10-240] VHDL file H:/GitHub/SoC-Testing-Validation-Project/project_2.srcs/sim_1/new/select_tb.vhd ignored due to errors
INFO: [USF-XSim-69] 'compile' step finished in '1' seconds
INFO: [USF-XSim-99] Step results log file:'H:/GitHub/SoC-Testing-Validation-Project/project_2.sim/sim_1/behav/xvhdl.log'
ERROR: [USF-XSim-62] 'compile' step failed with error(s). Please check the Tcl console output or 'H:/GitHub/SoC-Testing-Validation-Project/project_2.sim/sim_1/behav/xvhdl.log' file for more information.
ERROR: [Vivado 12-4473] Detected error while running simulation. Please correct the issue and retry this operation.
ERROR: [Common 17-39] 'launch_simulation' failed due to earlier errors.
launch_simulation
INFO: [USF-XSim-27] Simulation object is 'sim_1'
INFO: [USF-XSim-37] Inspecting design source files for 'select_tb' in fileset 'sim_1'...
INFO: [USF-XSim-97] Finding global include files...
INFO: [USF-XSim-98] Fetching design files from 'sim_1'...
INFO: [USF-XSim-2] XSim::Compile design
INFO: [USF-XSim-61] Executing 'COMPILE and ANALYZE' step in 'H:/GitHub/SoC-Testing-Validation-Project/project_2.sim/sim_1/behav'
"xvhdl -m64 --relax -prj select_tb_vhdl.prj"
INFO: [VRFC 10-163] Analyzing VHDL file "H:/GitHub/SoC-Testing-Validation-Project/project_2.srcs/sources_1/new/Select.vhd" into library xil_defaultlib
INFO: [VRFC 10-307] analyzing entity Select_Circuit
INFO: [VRFC 10-163] Analyzing VHDL file "H:/GitHub/SoC-Testing-Validation-Project/project_2.srcs/sim_1/new/select_tb.vhd" into library xil_defaultlib
INFO: [VRFC 10-307] analyzing entity select_tb
ERROR: [VRFC 10-719] formal port/generic <tmpa> is not declared in <select_circuit> [H:/GitHub/SoC-Testing-Validation-Project/project_2.srcs/sim_1/new/select_tb.vhd:34]
ERROR: [VRFC 10-704] formal ra has no actual or default value [H:/GitHub/SoC-Testing-Validation-Project/project_2.srcs/sim_1/new/select_tb.vhd:32]
ERROR: [VRFC 10-1504] unit behavioral ignored due to previous errors [H:/GitHub/SoC-Testing-Validation-Project/project_2.srcs/sim_1/new/select_tb.vhd:17]
INFO: [VRFC 10-240] VHDL file H:/GitHub/SoC-Testing-Validation-Project/project_2.srcs/sim_1/new/select_tb.vhd ignored due to errors
INFO: [USF-XSim-69] 'compile' step finished in '1' seconds
INFO: [USF-XSim-99] Step results log file:'H:/GitHub/SoC-Testing-Validation-Project/project_2.sim/sim_1/behav/xvhdl.log'
ERROR: [USF-XSim-62] 'compile' step failed with error(s). Please check the Tcl console output or 'H:/GitHub/SoC-Testing-Validation-Project/project_2.sim/sim_1/behav/xvhdl.log' file for more information.
ERROR: [Vivado 12-4473] Detected error while running simulation. Please correct the issue and retry this operation.
ERROR: [Common 17-39] 'launch_simulation' failed due to earlier errors.
launch_simulation
INFO: [USF-XSim-27] Simulation object is 'sim_1'
INFO: [USF-XSim-37] Inspecting design source files for 'select_tb' in fileset 'sim_1'...
INFO: [USF-XSim-97] Finding global include files...
INFO: [USF-XSim-98] Fetching design files from 'sim_1'...
INFO: [USF-XSim-2] XSim::Compile design
INFO: [USF-XSim-61] Executing 'COMPILE and ANALYZE' step in 'H:/GitHub/SoC-Testing-Validation-Project/project_2.sim/sim_1/behav'
"xvhdl -m64 --relax -prj select_tb_vhdl.prj"
INFO: [VRFC 10-163] Analyzing VHDL file "H:/GitHub/SoC-Testing-Validation-Project/project_2.srcs/sources_1/new/Select.vhd" into library xil_defaultlib
INFO: [VRFC 10-307] analyzing entity Select_Circuit
INFO: [VRFC 10-163] Analyzing VHDL file "H:/GitHub/SoC-Testing-Validation-Project/project_2.srcs/sim_1/new/select_tb.vhd" into library xil_defaultlib
INFO: [VRFC 10-307] analyzing entity select_tb
ERROR: [VRFC 10-719] formal port/generic <tmpa> is not declared in <select_circuit> [H:/GitHub/SoC-Testing-Validation-Project/project_2.srcs/sim_1/new/select_tb.vhd:34]
ERROR: [VRFC 10-704] formal ra has no actual or default value [H:/GitHub/SoC-Testing-Validation-Project/project_2.srcs/sim_1/new/select_tb.vhd:32]
ERROR: [VRFC 10-1504] unit behavioral ignored due to previous errors [H:/GitHub/SoC-Testing-Validation-Project/project_2.srcs/sim_1/new/select_tb.vhd:17]
INFO: [VRFC 10-240] VHDL file H:/GitHub/SoC-Testing-Validation-Project/project_2.srcs/sim_1/new/select_tb.vhd ignored due to errors
INFO: [USF-XSim-69] 'compile' step finished in '1' seconds
INFO: [USF-XSim-99] Step results log file:'H:/GitHub/SoC-Testing-Validation-Project/project_2.sim/sim_1/behav/xvhdl.log'
ERROR: [USF-XSim-62] 'compile' step failed with error(s). Please check the Tcl console output or 'H:/GitHub/SoC-Testing-Validation-Project/project_2.sim/sim_1/behav/xvhdl.log' file for more information.
ERROR: [Vivado 12-4473] Detected error while running simulation. Please correct the issue and retry this operation.
ERROR: [Common 17-39] 'launch_simulation' failed due to earlier errors.
set_property is_enabled false [get_files  H:/GitHub/SoC-Testing-Validation-Project/project_2.srcs/sources_1/new/Select.vhd]
update_compile_order -fileset sources_1
set_property is_enabled false [get_files  H:/GitHub/SoC-Testing-Validation-Project/project_2.srcs/sim_1/new/select_tb.vhd]
update_compile_order -fileset sim_1
set_property is_enabled true [get_files  H:/GitHub/SoC-Testing-Validation-Project/project_2.srcs/sim_1/new/ALU_tbv.vhd]
update_compile_order -fileset sim_1
set_property is_enabled true [get_files  H:/GitHub/SoC-Testing-Validation-Project/project_2.srcs/sources_1/new/ALU.vhd]
update_compile_order -fileset sources_1
launch_simulation
INFO: [USF-XSim-27] Simulation object is 'sim_1'
INFO: [USF-XSim-37] Inspecting design source files for 'tb_ALU' in fileset 'sim_1'...
INFO: [USF-XSim-97] Finding global include files...
INFO: [USF-XSim-98] Fetching design files from 'sim_1'...
INFO: [USF-XSim-2] XSim::Compile design
INFO: [USF-XSim-61] Executing 'COMPILE and ANALYZE' step in 'H:/GitHub/SoC-Testing-Validation-Project/project_2.sim/sim_1/behav'
"xvhdl -m64 --relax -prj tb_ALU_vhdl.prj"
INFO: [VRFC 10-163] Analyzing VHDL file "H:/GitHub/SoC-Testing-Validation-Project/project_2.srcs/sources_1/new/ALU.vhd" into library xil_defaultlib
INFO: [VRFC 10-307] analyzing entity ALU
INFO: [VRFC 10-163] Analyzing VHDL file "H:/GitHub/SoC-Testing-Validation-Project/project_2.srcs/sim_1/new/ALU_tbv.vhd" into library xil_defaultlib
INFO: [VRFC 10-307] analyzing entity tb_ALU
INFO: [USF-XSim-69] 'compile' step finished in '1' seconds
INFO: [USF-XSim-3] XSim::Elaborate design
INFO: [USF-XSim-61] Executing 'ELABORATE' step in 'H:/GitHub/SoC-Testing-Validation-Project/project_2.sim/sim_1/behav'
Vivado Simulator 2016.2
Copyright 1986-1999, 2001-2016 Xilinx, Inc. All Rights Reserved.
Running: C:/Xilinx/Vivado/2016.2/bin/unwrapped/win64.o/xelab.exe -wto 9c471ea0f0074ab48ffdb59540443f59 --debug typical --relax --mt 2 -L xil_defaultlib -L secureip --snapshot tb_ALU_behav xil_defaultlib.tb_ALU -log elaborate.log 
Using 2 slave threads.
Starting static elaboration
Completed static elaboration
Starting simulation data flow analysis
Completed simulation data flow analysis
Time Resolution for simulation is 1ps
Compiling package std.standard
Compiling package ieee.std_logic_1164
Compiling package ieee.std_logic_arith
Compiling package ieee.std_logic_unsigned
Compiling package ieee.numeric_std
Compiling architecture behavioral of entity xil_defaultlib.ALU [alu_default]
Compiling architecture behavior of entity xil_defaultlib.tb_alu
Built simulation snapshot tb_ALU_behav
INFO: [USF-XSim-69] 'elaborate' step finished in '2' seconds
INFO: [USF-XSim-4] XSim::Simulate design
INFO: [USF-XSim-61] Executing 'SIMULATE' step in 'H:/GitHub/SoC-Testing-Validation-Project/project_2.sim/sim_1/behav'
INFO: [USF-XSim-98] *** Running xsim
   with args "tb_ALU_behav -key {Behavioral:sim_1:Functional:tb_ALU} -tclbatch {tb_ALU.tcl} -log {simulate.log}"
INFO: [USF-XSim-8] Loading simulator feature
Vivado Simulator 2016.2
Time resolution is 1 ps
source tb_ALU.tcl
# set curr_wave [current_wave_config]
# if { [string length $curr_wave] == 0 } {
#   if { [llength [get_objects]] > 0} {
#     add_wave /
#     set_property needs_save false [current_wave_config]
#   } else {
#      send_msg_id Add_Wave-1 WARNING "No top level signals found. Simulator will start without a wave window. If you want to open a wave window go to 'File->New Waveform Configuration' or type 'create_wave_config' in the TCL console."
#   }
# }
# run 1000ns
INFO: [USF-XSim-96] XSim completed. Design snapshot 'tb_ALU_behav' loaded.
INFO: [USF-XSim-97] XSim simulation ran for 1000ns
launch_simulation: Time (s): cpu = 00:00:03 ; elapsed = 00:00:07 . Memory (MB): peak = 838.238 ; gain = 41.324
close_sim
INFO: [Simtcl 6-16] Simulation closed
set_property is_enabled false [get_files  H:/GitHub/SoC-Testing-Validation-Project/project_2.srcs/sources_1/new/ALU.vhd]
update_compile_order -fileset sources_1
set_property is_enabled false [get_files  H:/GitHub/SoC-Testing-Validation-Project/project_2.srcs/sim_1/new/ALU_tbv.vhd]
update_compile_order -fileset sim_1
set_property is_enabled true [get_files  H:/GitHub/SoC-Testing-Validation-Project/project_2.srcs/sources_1/new/Select.vhd]
update_compile_order -fileset sources_1
update_compile_order -fileset sim_1
launch_simulation
INFO: [USF-XSim-27] Simulation object is 'sim_1'
INFO: [USF-XSim-37] Inspecting design source files for 'Select_Circuit' in fileset 'sim_1'...
INFO: [USF-XSim-97] Finding global include files...
INFO: [USF-XSim-98] Fetching design files from 'sim_1'...
INFO: [USF-XSim-2] XSim::Compile design
INFO: [USF-XSim-61] Executing 'COMPILE and ANALYZE' step in 'H:/GitHub/SoC-Testing-Validation-Project/project_2.sim/sim_1/behav'
"xvhdl -m64 --relax -prj Select_Circuit_vhdl.prj"
INFO: [VRFC 10-163] Analyzing VHDL file "H:/GitHub/SoC-Testing-Validation-Project/project_2.srcs/sources_1/new/Select.vhd" into library xil_defaultlib
INFO: [VRFC 10-307] analyzing entity Select_Circuit
INFO: [USF-XSim-69] 'compile' step finished in '1' seconds
INFO: [USF-XSim-3] XSim::Elaborate design
INFO: [USF-XSim-61] Executing 'ELABORATE' step in 'H:/GitHub/SoC-Testing-Validation-Project/project_2.sim/sim_1/behav'
Vivado Simulator 2016.2
Copyright 1986-1999, 2001-2016 Xilinx, Inc. All Rights Reserved.
Running: C:/Xilinx/Vivado/2016.2/bin/unwrapped/win64.o/xelab.exe -wto 9c471ea0f0074ab48ffdb59540443f59 --debug typical --relax --mt 2 -L xil_defaultlib -L secureip --snapshot Select_Circuit_behav xil_defaultlib.Select_Circuit -log elaborate.log 
Using 2 slave threads.
Starting static elaboration
Completed static elaboration
Starting simulation data flow analysis
Completed simulation data flow analysis
Time Resolution for simulation is 1ps
Compiling package std.standard
Compiling package ieee.std_logic_1164
Compiling package ieee.std_logic_arith
Compiling package ieee.std_logic_unsigned
Compiling package ieee.numeric_std
Compiling architecture behavioral of entity xil_defaultlib.select_circuit
Built simulation snapshot Select_Circuit_behav
INFO: [USF-XSim-69] 'elaborate' step finished in '1' seconds
INFO: [USF-XSim-4] XSim::Simulate design
INFO: [USF-XSim-61] Executing 'SIMULATE' step in 'H:/GitHub/SoC-Testing-Validation-Project/project_2.sim/sim_1/behav'
INFO: [USF-XSim-98] *** Running xsim
   with args "Select_Circuit_behav -key {Behavioral:sim_1:Functional:Select_Circuit} -tclbatch {Select_Circuit.tcl} -log {simulate.log}"
INFO: [USF-XSim-8] Loading simulator feature
Vivado Simulator 2016.2
Time resolution is 1 ps
source Select_Circuit.tcl
# set curr_wave [current_wave_config]
# if { [string length $curr_wave] == 0 } {
#   if { [llength [get_objects]] > 0} {
#     add_wave /
#     set_property needs_save false [current_wave_config]
#   } else {
#      send_msg_id Add_Wave-1 WARNING "No top level signals found. Simulator will start without a wave window. If you want to open a wave window go to 'File->New Waveform Configuration' or type 'create_wave_config' in the TCL console."
#   }
# }
# run 1000ns
INFO: [USF-XSim-96] XSim completed. Design snapshot 'Select_Circuit_behav' loaded.
INFO: [USF-XSim-97] XSim simulation ran for 1000ns
launch_simulation: Time (s): cpu = 00:00:02 ; elapsed = 00:00:06 . Memory (MB): peak = 838.238 ; gain = 0.000
close_sim
INFO: [Simtcl 6-16] Simulation closed
set_property is_enabled true [get_files  H:/GitHub/SoC-Testing-Validation-Project/project_2.srcs/sim_1/new/select_tb.vhd]
update_compile_order -fileset sim_1
update_compile_order -fileset sim_1
launch_simulation
INFO: [USF-XSim-27] Simulation object is 'sim_1'
INFO: [USF-XSim-37] Inspecting design source files for 'select_tb' in fileset 'sim_1'...
INFO: [USF-XSim-97] Finding global include files...
INFO: [USF-XSim-98] Fetching design files from 'sim_1'...
INFO: [USF-XSim-2] XSim::Compile design
INFO: [USF-XSim-61] Executing 'COMPILE and ANALYZE' step in 'H:/GitHub/SoC-Testing-Validation-Project/project_2.sim/sim_1/behav'
"xvhdl -m64 --relax -prj select_tb_vhdl.prj"
INFO: [VRFC 10-163] Analyzing VHDL file "H:/GitHub/SoC-Testing-Validation-Project/project_2.srcs/sources_1/new/Select.vhd" into library xil_defaultlib
INFO: [VRFC 10-307] analyzing entity Select_Circuit
INFO: [VRFC 10-163] Analyzing VHDL file "H:/GitHub/SoC-Testing-Validation-Project/project_2.srcs/sim_1/new/select_tb.vhd" into library xil_defaultlib
INFO: [VRFC 10-307] analyzing entity select_tb
ERROR: [VRFC 10-719] formal port/generic <tmpa> is not declared in <select_circuit> [H:/GitHub/SoC-Testing-Validation-Project/project_2.srcs/sim_1/new/select_tb.vhd:34]
ERROR: [VRFC 10-704] formal ra has no actual or default value [H:/GitHub/SoC-Testing-Validation-Project/project_2.srcs/sim_1/new/select_tb.vhd:32]
ERROR: [VRFC 10-1504] unit behavioral ignored due to previous errors [H:/GitHub/SoC-Testing-Validation-Project/project_2.srcs/sim_1/new/select_tb.vhd:17]
INFO: [VRFC 10-240] VHDL file H:/GitHub/SoC-Testing-Validation-Project/project_2.srcs/sim_1/new/select_tb.vhd ignored due to errors
INFO: [USF-XSim-69] 'compile' step finished in '2' seconds
INFO: [USF-XSim-99] Step results log file:'H:/GitHub/SoC-Testing-Validation-Project/project_2.sim/sim_1/behav/xvhdl.log'
ERROR: [USF-XSim-62] 'compile' step failed with error(s). Please check the Tcl console output or 'H:/GitHub/SoC-Testing-Validation-Project/project_2.sim/sim_1/behav/xvhdl.log' file for more information.
ERROR: [Vivado 12-4473] Detected error while running simulation. Please correct the issue and retry this operation.
ERROR: [Common 17-39] 'launch_simulation' failed due to earlier errors.
launch_simulation
INFO: [USF-XSim-27] Simulation object is 'sim_1'
INFO: [USF-XSim-37] Inspecting design source files for 'select_tb' in fileset 'sim_1'...
INFO: [USF-XSim-97] Finding global include files...
INFO: [USF-XSim-98] Fetching design files from 'sim_1'...
INFO: [USF-XSim-2] XSim::Compile design
INFO: [USF-XSim-61] Executing 'COMPILE and ANALYZE' step in 'H:/GitHub/SoC-Testing-Validation-Project/project_2.sim/sim_1/behav'
"xvhdl -m64 --relax -prj select_tb_vhdl.prj"
INFO: [VRFC 10-163] Analyzing VHDL file "H:/GitHub/SoC-Testing-Validation-Project/project_2.srcs/sources_1/new/Select.vhd" into library xil_defaultlib
INFO: [VRFC 10-307] analyzing entity Select_Circuit
INFO: [VRFC 10-163] Analyzing VHDL file "H:/GitHub/SoC-Testing-Validation-Project/project_2.srcs/sim_1/new/select_tb.vhd" into library xil_defaultlib
INFO: [VRFC 10-307] analyzing entity select_tb
ERROR: [VRFC 10-719] formal port/generic <tmpa> is not declared in <select_circuit> [H:/GitHub/SoC-Testing-Validation-Project/project_2.srcs/sim_1/new/select_tb.vhd:35]
ERROR: [VRFC 10-704] formal ra has no actual or default value [H:/GitHub/SoC-Testing-Validation-Project/project_2.srcs/sim_1/new/select_tb.vhd:32]
ERROR: [VRFC 10-1504] unit behavioral ignored due to previous errors [H:/GitHub/SoC-Testing-Validation-Project/project_2.srcs/sim_1/new/select_tb.vhd:17]
INFO: [VRFC 10-240] VHDL file H:/GitHub/SoC-Testing-Validation-Project/project_2.srcs/sim_1/new/select_tb.vhd ignored due to errors
INFO: [USF-XSim-69] 'compile' step finished in '1' seconds
INFO: [USF-XSim-99] Step results log file:'H:/GitHub/SoC-Testing-Validation-Project/project_2.sim/sim_1/behav/xvhdl.log'
ERROR: [USF-XSim-62] 'compile' step failed with error(s). Please check the Tcl console output or 'H:/GitHub/SoC-Testing-Validation-Project/project_2.sim/sim_1/behav/xvhdl.log' file for more information.
ERROR: [Vivado 12-4473] Detected error while running simulation. Please correct the issue and retry this operation.
ERROR: [Common 17-39] 'launch_simulation' failed due to earlier errors.
launch_simulation
INFO: [USF-XSim-27] Simulation object is 'sim_1'
INFO: [USF-XSim-37] Inspecting design source files for 'select_tb' in fileset 'sim_1'...
INFO: [USF-XSim-97] Finding global include files...
INFO: [USF-XSim-98] Fetching design files from 'sim_1'...
INFO: [USF-XSim-2] XSim::Compile design
INFO: [USF-XSim-61] Executing 'COMPILE and ANALYZE' step in 'H:/GitHub/SoC-Testing-Validation-Project/project_2.sim/sim_1/behav'
"xvhdl -m64 --relax -prj select_tb_vhdl.prj"
INFO: [VRFC 10-163] Analyzing VHDL file "H:/GitHub/SoC-Testing-Validation-Project/project_2.srcs/sources_1/new/Select.vhd" into library xil_defaultlib
INFO: [VRFC 10-307] analyzing entity Select_Circuit
INFO: [VRFC 10-163] Analyzing VHDL file "H:/GitHub/SoC-Testing-Validation-Project/project_2.srcs/sim_1/new/select_tb.vhd" into library xil_defaultlib
INFO: [VRFC 10-307] analyzing entity select_tb
ERROR: [VRFC 10-91] tmpa is not declared [H:/GitHub/SoC-Testing-Validation-Project/project_2.srcs/sim_1/new/select_tb.vhd:48]
ERROR: [VRFC 10-91] tmpb is not declared [H:/GitHub/SoC-Testing-Validation-Project/project_2.srcs/sim_1/new/select_tb.vhd:49]
ERROR: [VRFC 10-91] tmpc is not declared [H:/GitHub/SoC-Testing-Validation-Project/project_2.srcs/sim_1/new/select_tb.vhd:50]
ERROR: [VRFC 10-1504] unit behavioral ignored due to previous errors [H:/GitHub/SoC-Testing-Validation-Project/project_2.srcs/sim_1/new/select_tb.vhd:17]
INFO: [VRFC 10-240] VHDL file H:/GitHub/SoC-Testing-Validation-Project/project_2.srcs/sim_1/new/select_tb.vhd ignored due to errors
INFO: [USF-XSim-69] 'compile' step finished in '1' seconds
INFO: [USF-XSim-99] Step results log file:'H:/GitHub/SoC-Testing-Validation-Project/project_2.sim/sim_1/behav/xvhdl.log'
ERROR: [USF-XSim-62] 'compile' step failed with error(s). Please check the Tcl console output or 'H:/GitHub/SoC-Testing-Validation-Project/project_2.sim/sim_1/behav/xvhdl.log' file for more information.
ERROR: [Vivado 12-4473] Detected error while running simulation. Please correct the issue and retry this operation.
ERROR: [Common 17-39] 'launch_simulation' failed due to earlier errors.
update_compile_order -fileset sources_1
launch_simulation
INFO: [USF-XSim-27] Simulation object is 'sim_1'
INFO: [USF-XSim-37] Inspecting design source files for 'select_tb' in fileset 'sim_1'...
INFO: [USF-XSim-97] Finding global include files...
INFO: [USF-XSim-98] Fetching design files from 'sim_1'...
INFO: [USF-XSim-2] XSim::Compile design
INFO: [USF-XSim-61] Executing 'COMPILE and ANALYZE' step in 'H:/GitHub/SoC-Testing-Validation-Project/project_2.sim/sim_1/behav'
"xvhdl -m64 --relax -prj select_tb_vhdl.prj"
INFO: [VRFC 10-163] Analyzing VHDL file "H:/GitHub/SoC-Testing-Validation-Project/project_2.srcs/sources_1/new/Select.vhd" into library xil_defaultlib
INFO: [VRFC 10-307] analyzing entity SelCir
INFO: [VRFC 10-163] Analyzing VHDL file "H:/GitHub/SoC-Testing-Validation-Project/project_2.srcs/sim_1/new/select_tb.vhd" into library xil_defaultlib
INFO: [VRFC 10-307] analyzing entity select_tb
ERROR: [VRFC 10-91] tmpa is not declared [H:/GitHub/SoC-Testing-Validation-Project/project_2.srcs/sim_1/new/select_tb.vhd:48]
ERROR: [VRFC 10-91] tmpb is not declared [H:/GitHub/SoC-Testing-Validation-Project/project_2.srcs/sim_1/new/select_tb.vhd:49]
ERROR: [VRFC 10-91] tmpc is not declared [H:/GitHub/SoC-Testing-Validation-Project/project_2.srcs/sim_1/new/select_tb.vhd:50]
ERROR: [VRFC 10-1504] unit behavioral ignored due to previous errors [H:/GitHub/SoC-Testing-Validation-Project/project_2.srcs/sim_1/new/select_tb.vhd:17]
INFO: [VRFC 10-240] VHDL file H:/GitHub/SoC-Testing-Validation-Project/project_2.srcs/sim_1/new/select_tb.vhd ignored due to errors
INFO: [USF-XSim-69] 'compile' step finished in '1' seconds
INFO: [USF-XSim-99] Step results log file:'H:/GitHub/SoC-Testing-Validation-Project/project_2.sim/sim_1/behav/xvhdl.log'
ERROR: [USF-XSim-62] 'compile' step failed with error(s). Please check the Tcl console output or 'H:/GitHub/SoC-Testing-Validation-Project/project_2.sim/sim_1/behav/xvhdl.log' file for more information.
ERROR: [Vivado 12-4473] Detected error while running simulation. Please correct the issue and retry this operation.
ERROR: [Common 17-39] 'launch_simulation' failed due to earlier errors.
launch_simulation
INFO: [USF-XSim-27] Simulation object is 'sim_1'
INFO: [USF-XSim-37] Inspecting design source files for 'select_tb' in fileset 'sim_1'...
INFO: [USF-XSim-97] Finding global include files...
INFO: [USF-XSim-98] Fetching design files from 'sim_1'...
INFO: [USF-XSim-2] XSim::Compile design
INFO: [USF-XSim-61] Executing 'COMPILE and ANALYZE' step in 'H:/GitHub/SoC-Testing-Validation-Project/project_2.sim/sim_1/behav'
"xvhdl -m64 --relax -prj select_tb_vhdl.prj"
INFO: [VRFC 10-163] Analyzing VHDL file "H:/GitHub/SoC-Testing-Validation-Project/project_2.srcs/sources_1/new/Select.vhd" into library xil_defaultlib
INFO: [VRFC 10-307] analyzing entity SelCir
INFO: [VRFC 10-163] Analyzing VHDL file "H:/GitHub/SoC-Testing-Validation-Project/project_2.srcs/sim_1/new/select_tb.vhd" into library xil_defaultlib
INFO: [VRFC 10-307] analyzing entity select_tb
ERROR: [VRFC 10-91] tmpa is not declared [H:/GitHub/SoC-Testing-Validation-Project/project_2.srcs/sim_1/new/select_tb.vhd:48]
ERROR: [VRFC 10-91] tmpb is not declared [H:/GitHub/SoC-Testing-Validation-Project/project_2.srcs/sim_1/new/select_tb.vhd:49]
ERROR: [VRFC 10-91] tmpc is not declared [H:/GitHub/SoC-Testing-Validation-Project/project_2.srcs/sim_1/new/select_tb.vhd:50]
ERROR: [VRFC 10-1504] unit behavioral ignored due to previous errors [H:/GitHub/SoC-Testing-Validation-Project/project_2.srcs/sim_1/new/select_tb.vhd:17]
INFO: [VRFC 10-240] VHDL file H:/GitHub/SoC-Testing-Validation-Project/project_2.srcs/sim_1/new/select_tb.vhd ignored due to errors
INFO: [USF-XSim-69] 'compile' step finished in '1' seconds
INFO: [USF-XSim-99] Step results log file:'H:/GitHub/SoC-Testing-Validation-Project/project_2.sim/sim_1/behav/xvhdl.log'
ERROR: [USF-XSim-62] 'compile' step failed with error(s). Please check the Tcl console output or 'H:/GitHub/SoC-Testing-Validation-Project/project_2.sim/sim_1/behav/xvhdl.log' file for more information.
ERROR: [Vivado 12-4473] Detected error while running simulation. Please correct the issue and retry this operation.
ERROR: [Common 17-39] 'launch_simulation' failed due to earlier errors.
update_compile_order -fileset sources_1
launch_simulation
INFO: [USF-XSim-27] Simulation object is 'sim_1'
INFO: [USF-XSim-37] Inspecting design source files for 'select_tb' in fileset 'sim_1'...
INFO: [USF-XSim-97] Finding global include files...
INFO: [USF-XSim-98] Fetching design files from 'sim_1'...
INFO: [USF-XSim-2] XSim::Compile design
INFO: [USF-XSim-61] Executing 'COMPILE and ANALYZE' step in 'H:/GitHub/SoC-Testing-Validation-Project/project_2.sim/sim_1/behav'
"xvhdl -m64 --relax -prj select_tb_vhdl.prj"
INFO: [VRFC 10-163] Analyzing VHDL file "H:/GitHub/SoC-Testing-Validation-Project/project_2.srcs/sim_1/new/select_tb.vhd" into library xil_defaultlib
INFO: [VRFC 10-307] analyzing entity select_tb
ERROR: [VRFC 10-91] tmpa is not declared [H:/GitHub/SoC-Testing-Validation-Project/project_2.srcs/sim_1/new/select_tb.vhd:48]
ERROR: [VRFC 10-91] tmpb is not declared [H:/GitHub/SoC-Testing-Validation-Project/project_2.srcs/sim_1/new/select_tb.vhd:49]
ERROR: [VRFC 10-91] tmpc is not declared [H:/GitHub/SoC-Testing-Validation-Project/project_2.srcs/sim_1/new/select_tb.vhd:50]
ERROR: [VRFC 10-1504] unit behavioral ignored due to previous errors [H:/GitHub/SoC-Testing-Validation-Project/project_2.srcs/sim_1/new/select_tb.vhd:17]
INFO: [VRFC 10-240] VHDL file H:/GitHub/SoC-Testing-Validation-Project/project_2.srcs/sim_1/new/select_tb.vhd ignored due to errors
INFO: [USF-XSim-69] 'compile' step finished in '1' seconds
INFO: [USF-XSim-99] Step results log file:'H:/GitHub/SoC-Testing-Validation-Project/project_2.sim/sim_1/behav/xvhdl.log'
ERROR: [USF-XSim-62] 'compile' step failed with error(s). Please check the Tcl console output or 'H:/GitHub/SoC-Testing-Validation-Project/project_2.sim/sim_1/behav/xvhdl.log' file for more information.
ERROR: [Vivado 12-4473] Detected error while running simulation. Please correct the issue and retry this operation.
ERROR: [Common 17-39] 'launch_simulation' failed due to earlier errors.
exit
INFO: [Common 17-206] Exiting Vivado at Fri Dec 13 17:05:29 2019...
